<?xml version="1.0" encoding="UTF-8"?>
<robot generator="Robot 3.0.4 (Jython 2.7.0 on java1.8.0_144)" generated="20211115 16:24:17.805">
<suite source="C:\projekte\robot\test-environment" name="Test-Environment" id="s1">
<suite source="C:\projekte\robot\test-environment\testsuites" name="Testsuites" id="s1-s1">
<suite source="C:\projekte\robot\test-environment\testsuites\smartweb" name="Smartweb" id="s1-s1-s1">
<kw type="setup" library="common-keywords" name="Load Host Settings">
<kw library="OperatingSystem" name="Get Environment Variable">
<doc>Returns the value of an environment variable with the given name.</doc>
<arguments>
<arg>COMPUTERNAME</arg>
</arguments>
<assign>
<var>${COMPUTER_NAME}</var>
</assign>
<msg level="INFO" timestamp="20211115 16:24:19.137">${COMPUTER_NAME} = P05072043</msg>
<status endtime="20211115 16:24:19.137" starttime="20211115 16:24:19.127" status="PASS"></status>
</kw>
<kw library="OperatingSystem" name="Get Environment Variable">
<doc>Returns the value of an environment variable with the given name.</doc>
<arguments>
<arg>OS</arg>
</arguments>
<assign>
<var>${operating system}</var>
</assign>
<msg level="INFO" timestamp="20211115 16:24:19.157">${operating system} = Windows_NT</msg>
<status endtime="20211115 16:24:19.157" starttime="20211115 16:24:19.147" status="PASS"></status>
</kw>
<kw library="BuiltIn" name="Set Variable">
<doc>Returns the given values which can then be assigned to a variables.</doc>
<arguments>
<arg>nguyetgo</arg>
</arguments>
<assign>
<var>${USER_NAME}</var>
</assign>
<msg level="INFO" timestamp="20211115 16:24:19.167">${USER_NAME} = nguyetgo</msg>
<status endtime="20211115 16:24:19.167" starttime="20211115 16:24:19.157" status="PASS"></status>
</kw>
<kw library="OperatingSystem" name="Get Environment Variable">
<doc>Returns the value of an environment variable with the given name.</doc>
<arguments>
<arg>WINDIR</arg>
</arguments>
<assign>
<var>${system dir}</var>
</assign>
<msg level="INFO" timestamp="20211115 16:24:19.187">${system dir} = C:\WINDOWS</msg>
<status endtime="20211115 16:24:19.187" starttime="20211115 16:24:19.177" status="PASS"></status>
</kw>
<kw library="OperatingSystem" name="Get Environment Variable">
<doc>Returns the value of an environment variable with the given name.</doc>
<arguments>
<arg>PROCESSOR_LEVEL</arg>
</arguments>
<assign>
<var>${processor level}</var>
</assign>
<msg level="INFO" timestamp="20211115 16:24:19.197">${processor level} = 6</msg>
<status endtime="20211115 16:24:19.197" starttime="20211115 16:24:19.187" status="PASS"></status>
</kw>
<kw library="BuiltIn" name="Set Global Variable">
<doc>Makes a variable available globally in all tests and suites.</doc>
<arguments>
<arg>${COMPUTER_NAME}</arg>
<arg>${COMPUTER_NAME}</arg>
</arguments>
<msg level="INFO" timestamp="20211115 16:24:19.207">${COMPUTER_NAME} = P05072043</msg>
<status endtime="20211115 16:24:19.207" starttime="20211115 16:24:19.197" status="PASS"></status>
</kw>
<kw library="BuiltIn" name="Set Global Variable">
<doc>Makes a variable available globally in all tests and suites.</doc>
<arguments>
<arg>${USER_NAME}</arg>
<arg>${USER_NAME}</arg>
</arguments>
<msg level="INFO" timestamp="20211115 16:24:19.217">${USER_NAME} = nguyetgo</msg>
<status endtime="20211115 16:24:19.227" starttime="20211115 16:24:19.217" status="PASS"></status>
</kw>
<kw library="OperatingSystem" name="Join Path">
<doc>Joins the given path part(s) to the given base path.</doc>
<arguments>
<arg>C:\\projekte\\robot\\test-environment\\resources\\keywords\\common/../../../../</arg>
<arg>test-data</arg>
</arguments>
<assign>
<var>${TESTDATA_PATH}</var>
</assign>
<msg level="INFO" timestamp="20211115 16:24:19.237">${TESTDATA_PATH} = C:\projekte\robot\test-data</msg>
<status endtime="20211115 16:24:19.237" starttime="20211115 16:24:19.227" status="PASS"></status>
</kw>
<kw library="BuiltIn" name="Set Global Variable">
<doc>Makes a variable available globally in all tests and suites.</doc>
<arguments>
<arg>${TESTDATA_PATH}</arg>
<arg>${TESTDATA_PATH}</arg>
</arguments>
<msg level="INFO" timestamp="20211115 16:24:19.247">${TESTDATA_PATH} = C:\projekte\robot\test-data</msg>
<status endtime="20211115 16:24:19.247" starttime="20211115 16:24:19.237" status="PASS"></status>
</kw>
<kw library="BuiltIn" name="Import Resource">
<doc>Imports a resource file with the given path.</doc>
<arguments>
<arg>C:\\projekte\\robot\\test-environment\\resources\\keywords\\common/../../../resources/settings/hosts-configs/${COMPUTER_NAME}.robot</arg>
</arguments>
<status endtime="20211115 16:24:19.367" starttime="20211115 16:24:19.247" status="PASS"></status>
</kw>
<kw library="BuiltIn" name="Run Keyword">
<doc>Executes the given keyword with the given arguments.</doc>
<arguments>
<arg>${LOAD_HOST_CONFIG_KEYWORD}</arg>
</arguments>
<kw library="P05072043" name="Set Host Variables as Global">
<doc>Arbeitsplatz-PC Tiedje P05072043</doc>
<kw library="BuiltIn" name="Comment">
<doc>Displays the given messages in the log file as keyword arguments.</doc>
<arguments>
<arg>Auskommentiert wird mit #. Im Kommentarteil sind Infos zu Gruppierungen, die zeigen welche Variable fuer welches Testobjekt (SmC, SmU,..) relevant ist</arg>
</arguments>
<status endtime="20211115 16:24:19.387" starttime="20211115 16:24:19.387" status="PASS"></status>
</kw>
<kw library="DeviceLibrary" name="Create Device">
<doc>Das Keyword Create Device erzeugt ein Geräte-Informations-Object.</doc>
<arguments>
<arg>${DEVICE_1}</arg>
<arg>FAGSmartCheck</arg>
<arg>10.179.10.205</arg>
<arg>f4:3d:80:00:28:6D</arg>
<arg>admin</arg>
<arg>admin123</arg>
<arg>255.255.255.0</arg>
<arg>10.179.10.223</arg>
<arg>FAGSmartCheck</arg>
</arguments>
<msg level="INFO" timestamp="20211115 16:24:19.397">${DEVICE_1} = &lt;DeviceLibrary.library.Device instance at 0x8f&gt;</msg>
<msg level="INFO" timestamp="20211115 16:24:19.407">${DEVICE_1.Name} = FAGSmartCheck</msg>
<msg level="INFO" timestamp="20211115 16:24:19.414">${DEVICE_1.Ip} = 10.179.10.205</msg>
<msg level="INFO" timestamp="20211115 16:24:19.414">${DEVICE_1.SerialNumber} = f4:3d:80:00:28:6D</msg>
<msg level="INFO" timestamp="20211115 16:24:19.420">${DEVICE_1.User} = admin</msg>
<msg level="INFO" timestamp="20211115 16:24:19.420">${DEVICE_1.Password} = admin123</msg>
<msg level="INFO" timestamp="20211115 16:24:19.430">${DEVICE_1.Netmask} = 255.255.255.0</msg>
<msg level="INFO" timestamp="20211115 16:24:19.430">${DEVICE_1.Gateway} = 10.179.10.223</msg>
<msg level="INFO" timestamp="20211115 16:24:19.440">${DEVICE_1.Hostname} = FAGSmartCheck</msg>
<status endtime="20211115 16:24:19.440" starttime="20211115 16:24:19.397" status="PASS"></status>
</kw>
<kw library="DeviceLibrary" name="Create Device">
<doc>Das Keyword Create Device erzeugt ein Geräte-Informations-Object.</doc>
<arguments>
<arg>${DEVICE_2}</arg>
<arg>FAGSmartCheck</arg>
<arg>10.179.10.240</arg>
<arg>f4:3d:80:00:18:4c</arg>
<arg>admin</arg>
<arg>admin123</arg>
<arg>255.255.255.0</arg>
<arg>10.179.10.254</arg>
<arg>FAGSmartCheck</arg>
</arguments>
<msg level="INFO" timestamp="20211115 16:24:19.451">${DEVICE_2} = &lt;DeviceLibrary.library.Device instance at 0xaf&gt;</msg>
<msg level="INFO" timestamp="20211115 16:24:19.461">${DEVICE_2.Name} = FAGSmartCheck</msg>
<msg level="INFO" timestamp="20211115 16:24:19.461">${DEVICE_2.Ip} = 10.179.10.240</msg>
<msg level="INFO" timestamp="20211115 16:24:19.461">${DEVICE_2.SerialNumber} = f4:3d:80:00:18:4c</msg>
<msg level="INFO" timestamp="20211115 16:24:19.471">${DEVICE_2.User} = admin</msg>
<msg level="INFO" timestamp="20211115 16:24:19.471">${DEVICE_2.Password} = admin123</msg>
<msg level="INFO" timestamp="20211115 16:24:19.471">${DEVICE_2.Netmask} = 255.255.255.0</msg>
<msg level="INFO" timestamp="20211115 16:24:19.481">${DEVICE_2.Gateway} = 10.179.10.254</msg>
<msg level="INFO" timestamp="20211115 16:24:19.481">${DEVICE_2.Hostname} = FAGSmartCheck</msg>
<status endtime="20211115 16:24:19.491" starttime="20211115 16:24:19.440" status="PASS"></status>
</kw>
<kw library="BuiltIn" name="Set Global Variable">
<doc>Makes a variable available globally in all tests and suites.</doc>
<arguments>
<arg>${CULTURE}</arg>
<arg>de</arg>
</arguments>
<msg level="INFO" timestamp="20211115 16:24:19.491">${CULTURE} = de</msg>
<status endtime="20211115 16:24:19.501" starttime="20211115 16:24:19.491" status="PASS"></status>
</kw>
<kw library="BuiltIn" name="Set Global Variable">
<doc>Makes a variable available globally in all tests and suites.</doc>
<arguments>
<arg>${OEM_NAME}</arg>
<arg>Schaeffler</arg>
</arguments>
<msg level="INFO" timestamp="20211115 16:24:19.511">${OEM_NAME} = Schaeffler</msg>
<status endtime="20211115 16:24:19.511" starttime="20211115 16:24:19.501" status="PASS"></status>
</kw>
<kw library="BuiltIn" name="Set Global Variable">
<doc>Makes a variable available globally in all tests and suites.</doc>
<arguments>
<arg>${FIRMWARE_FILE_NAME}</arg>
<arg>Prolink-SCHAEFFLER-1.17.0.20200220_164808-670528.sf2</arg>
</arguments>
<msg level="INFO" timestamp="20211115 16:24:19.531">${FIRMWARE_FILE_NAME} = Prolink-SCHAEFFLER-1.17.0.20200220_164808-670528.sf2</msg>
<status endtime="20211115 16:24:19.531" starttime="20211115 16:24:19.511" status="PASS"></status>
</kw>
<kw library="BuiltIn" name="Set Global Variable">
<doc>Makes a variable available globally in all tests and suites.</doc>
<arguments>
<arg>${MEASURED_DATA_PATH}</arg>
<arg>${TESTDATA_PATH}\\smartproducts\\smartutility\\measured-data</arg>
</arguments>
<msg level="INFO" timestamp="20211115 16:24:19.551">${MEASURED_DATA_PATH} = C:\projekte\robot\test-data\smartproducts\smartutility\measured-data</msg>
<status endtime="20211115 16:24:19.551" starttime="20211115 16:24:19.541" status="PASS"></status>
</kw>
<kw library="BuiltIn" name="Set Global Variable">
<doc>Makes a variable available globally in all tests and suites.</doc>
<arguments>
<arg>${SMART_UTILITY_CONFIG_DATA_COMMON_PATH}</arg>
<arg>${SMART_UTILITY_CONFIG_DATA_PATH}\\${APPLICATION_VENDOR}\\common</arg>
</arguments>
<msg level="INFO" timestamp="20211115 16:24:19.561">${SMART_UTILITY_CONFIG_DATA_COMMON_PATH} = C:\projekte\robot\test-data\smartproducts\smartutility\configs\FAG\common</msg>
<status endtime="20211115 16:24:19.561" starttime="20211115 16:24:19.551" status="PASS"></status>
</kw>
<kw library="BuiltIn" name="Comment">
<doc>Displays the given messages in the log file as keyword arguments.</doc>
<arguments>
<arg>Der Standardpfad zum SmU-Aplikationsverzeichnis ist wie folgt aufgebaut und kann mit den nächtsen drei Variablen angepasst werden</arg>
<arg>.\aut\${APPLICATION_VENDOR}\${APPLICATION_NAME}\${APPLICATION_VERSION_FOLDER}\bin</arg>
</arguments>
<status endtime="20211115 16:24:19.571" starttime="20211115 16:24:19.571" status="PASS"></status>
</kw>
<kw library="BuiltIn" name="Set Global Variable">
<doc>Makes a variable available globally in all tests and suites.</doc>
<arguments>
<arg>${APPLICATION_NAME}</arg>
<arg>SmartUtility</arg>
</arguments>
<msg level="INFO" timestamp="20211115 16:24:19.581">${APPLICATION_NAME} = SmartUtility</msg>
<status endtime="20211115 16:24:19.581" starttime="20211115 16:24:19.571" status="PASS"></status>
</kw>
<kw library="BuiltIn" name="Set Global Variable">
<doc>Makes a variable available globally in all tests and suites.</doc>
<arguments>
<arg>${SMARTCHECK_IP}</arg>
<arg>10.179.8.173</arg>
</arguments>
<msg level="INFO" timestamp="20211115 16:24:19.591">${SMARTCHECK_IP} = 10.179.8.173</msg>
<status endtime="20211115 16:24:19.591" starttime="20211115 16:24:19.581" status="PASS"></status>
</kw>
<kw library="BuiltIn" name="Set Global Variable">
<doc>Makes a variable available globally in all tests and suites.</doc>
<arguments>
<arg>${SC_PORT}</arg>
<arg>80</arg>
</arguments>
<msg level="INFO" timestamp="20211115 16:24:19.601">${SC_PORT} = 80</msg>
<status endtime="20211115 16:24:19.601" starttime="20211115 16:24:19.591" status="PASS"></status>
</kw>
<kw library="BuiltIn" name="Set Global Variable">
<doc>Makes a variable available globally in all tests and suites.</doc>
<arguments>
<arg>${SMARTCHECK_LOCALE}</arg>
<arg>de_DE</arg>
</arguments>
<msg level="INFO" timestamp="20211115 16:24:19.607">${SMARTCHECK_LOCALE} = de_DE</msg>
<status endtime="20211115 16:24:19.607" starttime="20211115 16:24:19.607" status="PASS"></status>
</kw>
<kw library="BuiltIn" name="Set Global Variable">
<doc>Makes a variable available globally in all tests and suites.</doc>
<arguments>
<arg>${BROWSER_NAME}</arg>
<arg>gc</arg>
</arguments>
<msg level="INFO" timestamp="20211115 16:24:19.617">${BROWSER_NAME} = gc</msg>
<status endtime="20211115 16:24:19.617" starttime="20211115 16:24:19.607" status="PASS"></status>
</kw>
<kw library="BuiltIn" name="Set Global Variable">
<doc>Makes a variable available globally in all tests and suites.</doc>
<arguments>
<arg>${SMARTCHECK_LINUX_USER}</arg>
<arg>root</arg>
</arguments>
<msg level="INFO" timestamp="20211115 16:24:19.627">${SMARTCHECK_LINUX_USER} = root</msg>
<status endtime="20211115 16:24:19.627" starttime="20211115 16:24:19.617" status="PASS"></status>
</kw>
<kw library="BuiltIn" name="Set Global Variable">
<doc>Makes a variable available globally in all tests and suites.</doc>
<arguments>
<arg>${SMARTCHECK_LINUX_PASSWORD}</arg>
<arg>fis291711a</arg>
</arguments>
<msg level="INFO" timestamp="20211115 16:24:19.638">${SMARTCHECK_LINUX_PASSWORD} = fis291711a</msg>
<status endtime="20211115 16:24:19.638" starttime="20211115 16:24:19.627" status="PASS"></status>
</kw>
<kw library="BuiltIn" name="Set Global Variable">
<doc>Makes a variable available globally in all tests and suites.</doc>
<arguments>
<arg>${SMARTCHECK_USER}</arg>
<arg>admin</arg>
</arguments>
<msg level="INFO" timestamp="20211115 16:24:19.638">${SMARTCHECK_USER} = admin</msg>
<status endtime="20211115 16:24:19.648" starttime="20211115 16:24:19.638" status="PASS"></status>
</kw>
<kw library="BuiltIn" name="Set Global Variable">
<doc>Makes a variable available globally in all tests and suites.</doc>
<arguments>
<arg>${SMARTCHECK_PASSWORD}</arg>
<arg>admin123</arg>
</arguments>
<msg level="INFO" timestamp="20211115 16:24:19.648">${SMARTCHECK_PASSWORD} = admin123</msg>
<status endtime="20211115 16:24:19.658" starttime="20211115 16:24:19.648" status="PASS"></status>
</kw>
<kw library="BuiltIn" name="Set Global Variable">
<doc>Makes a variable available globally in all tests and suites.</doc>
<arguments>
<arg>${SMARTCHECK_ADMIN_PASSWORD}</arg>
<arg>1</arg>
</arguments>
<msg level="INFO" timestamp="20211115 16:24:19.658">${SMARTCHECK_ADMIN_PASSWORD} = 1</msg>
<status endtime="20211115 16:24:19.668" starttime="20211115 16:24:19.658" status="PASS"></status>
</kw>
<kw library="BuiltIn" name="Set Global Variable">
<doc>Makes a variable available globally in all tests and suites.</doc>
<arguments>
<arg>${DEVICE_TYPE}</arg>
<arg>SmartCheck-1.10</arg>
</arguments>
<msg level="INFO" timestamp="20211115 16:24:19.678">${DEVICE_TYPE} = SmartCheck-1.10</msg>
<status endtime="20211115 16:24:19.678" starttime="20211115 16:24:19.668" status="PASS"></status>
</kw>
<kw library="BuiltIn" name="Set Global Variable">
<doc>Makes a variable available globally in all tests and suites.</doc>
<arguments>
<arg>${REALTIME_CONTROLLER_TEST_DEVICE_IP}</arg>
<arg>172.28.207.108</arg>
</arguments>
<msg level="INFO" timestamp="20211115 16:24:19.718">${REALTIME_CONTROLLER_TEST_DEVICE_IP} = 172.28.207.108</msg>
<status endtime="20211115 16:24:19.718" starttime="20211115 16:24:19.688" status="PASS"></status>
</kw>
<kw library="BuiltIn" name="Set Global Variable">
<doc>Makes a variable available globally in all tests and suites.</doc>
<arguments>
<arg>${REALTIME_CONTROLLER_SIMULATOR_IP}</arg>
<arg>172.28.207.106</arg>
</arguments>
<msg level="INFO" timestamp="20211115 16:24:19.732">${REALTIME_CONTROLLER_SIMULATOR_IP} = 172.28.207.106</msg>
<status endtime="20211115 16:24:19.732" starttime="20211115 16:24:19.727" status="PASS"></status>
</kw>
<kw library="BuiltIn" name="Set Global Variable">
<doc>Makes a variable available globally in all tests and suites.</doc>
<arguments>
<arg>${SIMULATION_DEVICE}</arg>
<arg>Simulator</arg>
</arguments>
<msg level="INFO" timestamp="20211115 16:24:19.752">${SIMULATION_DEVICE} = Simulator</msg>
<status endtime="20211115 16:24:19.752" starttime="20211115 16:24:19.742" status="PASS"></status>
</kw>
<kw library="BuiltIn" name="Set Global Variable">
<doc>Makes a variable available globally in all tests and suites.</doc>
<arguments>
<arg>${LINUX_SIMULATOR_IP}</arg>
<arg>10.179.8.244</arg>
</arguments>
<msg level="INFO" timestamp="20211115 16:24:19.762">${LINUX_SIMULATOR_IP} = 10.179.8.244</msg>
<status endtime="20211115 16:24:19.762" starttime="20211115 16:24:19.752" status="PASS"></status>
</kw>
<kw library="BuiltIn" name="Set Global Variable">
<doc>Makes a variable available globally in all tests and suites.</doc>
<arguments>
<arg>${SIGNAL_SOURCES_PATH}</arg>
<arg>${ROOT_PATH}/test-data/smartproducts/smartcheck/Simulator</arg>
</arguments>
<msg level="INFO" timestamp="20211115 16:24:19.782">${SIGNAL_SOURCES_PATH} = C:\projekte\robot/test-data/smartproducts/smartcheck/Simulator</msg>
<status endtime="20211115 16:24:19.782" starttime="20211115 16:24:19.762" status="PASS"></status>
</kw>
<kw library="BuiltIn" name="Set Global Variable">
<doc>Makes a variable available globally in all tests and suites.</doc>
<arguments>
<arg>${SIGNAL_GENERATOR_PATH_SC}</arg>
<arg>C:\devtools\Signal-Generator_PL</arg>
</arguments>
<msg level="INFO" timestamp="20211115 16:24:19.792">${SIGNAL_GENERATOR_PATH_SC} = C:devtoolsSignal-Generator_PL</msg>
<status endtime="20211115 16:24:19.792" starttime="20211115 16:24:19.782" status="PASS"></status>
</kw>
<status endtime="20211115 16:24:19.802" starttime="20211115 16:24:19.377" status="PASS"></status>
</kw>
<status endtime="20211115 16:24:19.802" starttime="20211115 16:24:19.377" status="PASS"></status>
</kw>
<kw library="BuiltIn" name="Set Suite Metadata">
<doc>Sets metadata for the current test suite.</doc>
<arguments>
<arg>Test-PC</arg>
<arg>${COMPUTER_NAME}</arg>
</arguments>
<msg level="INFO" timestamp="20211115 16:24:19.812">Set suite metadata 'Test-PC' to value 'P05072043'.</msg>
<status endtime="20211115 16:24:19.812" starttime="20211115 16:24:19.802" status="PASS"></status>
</kw>
<kw library="BuiltIn" name="Set Suite Metadata">
<doc>Sets metadata for the current test suite.</doc>
<arguments>
<arg>Test-OS</arg>
<arg>${operating system}</arg>
</arguments>
<msg level="INFO" timestamp="20211115 16:24:19.812">Set suite metadata 'Test-OS' to value 'Windows_NT'.</msg>
<status endtime="20211115 16:24:19.822" starttime="20211115 16:24:19.812" status="PASS"></status>
</kw>
<kw library="BuiltIn" name="Set Suite Metadata">
<doc>Sets metadata for the current test suite.</doc>
<arguments>
<arg>Tester</arg>
<arg>${USER_NAME}</arg>
</arguments>
<msg level="INFO" timestamp="20211115 16:24:19.822">Set suite metadata 'Tester' to value 'nguyetgo'.</msg>
<status endtime="20211115 16:24:19.832" starttime="20211115 16:24:19.822" status="PASS"></status>
</kw>
<status endtime="20211115 16:24:19.832" starttime="20211115 16:24:19.127" status="PASS"></status>
</kw>
<suite source="C:\projekte\robot\test-environment\testsuites\smartweb\component-tests" name="Component-Tests" id="s1-s1-s1-s1">
<suite source="C:\projekte\robot\test-environment\testsuites\smartweb\component-tests\Oilstatus-Tests.robot" name="Oilstatus-Tests" id="s1-s1-s1-s1-s1">
<kw type="setup" library="classification-common" name="Suite Setup">
<kw library="BuiltIn" name="Set Variable">
<doc>Returns the given values which can then be assigned to a variables.</doc>
<arguments>
<arg>smartweb</arg>
</arguments>
<assign>
<var>${CONFIGURATIONS_METHOD}</var>
</assign>
<msg level="INFO" timestamp="20211115 16:24:35.055">${CONFIGURATIONS_METHOD} = smartweb</msg>
<status endtime="20211115 16:24:35.055" starttime="20211115 16:24:35.055" status="PASS"></status>
</kw>
<kw library="BuiltIn" name="Set Suite Variable">
<doc>Makes a variable available everywhere within the scope of the current suite.</doc>
<arguments>
<arg>${CONFIGURATIONS_METHOD}</arg>
</arguments>
<msg level="INFO" timestamp="20211115 16:24:35.065">${CONFIGURATIONS_METHOD} = smartweb</msg>
<status endtime="20211115 16:24:35.065" starttime="20211115 16:24:35.055" status="PASS"></status>
</kw>
<kw library="BuiltIn" name="Return From Keyword If">
<doc>Returns from the enclosing user keyword if ``condition`` is true.</doc>
<arguments>
<arg>'${CONFIGURATIONS_METHOD}'!='smartweb'</arg>
</arguments>
<status endtime="20211115 16:24:35.076" starttime="20211115 16:24:35.065" status="PASS"></status>
</kw>
<kw library="smartcheck" name="Wait Until Smartcheck is Regular">
<doc>wartet bis das SC im "Normalzustand" ansprechbar ist</doc>
<kw library="smartcheck-webservice" name="Wait Until Webservice Ready">
<doc>Ruft Systeminfo Webservice in schleife bis antwort ist soap response.</doc>
<arguments>
<arg>${smartcheck_ip}</arg>
<arg>${port}</arg>
<arg>${user_id}</arg>
<arg>${password}</arg>
</arguments>
<assign>
<var>${system_info_xml}</var>
</assign>
<kw library="BuiltIn" name="Comment">
<doc>Displays the given messages in the log file as keyword arguments.</doc>
<arguments>
<arg>Create Session</arg>
<arg>Smartcheck</arg>
<arg>http://${smartcheck ip}:${port}/smartcheck</arg>
</arguments>
<status endtime="20211115 16:24:35.291" starttime="20211115 16:24:35.291" status="PASS"></status>
</kw>
<kw library="smartcheck-webservice" name="Get Request From File">
<doc>Liest Request form file in XML Object</doc>
<arguments>
<arg>versioninfo-request.xml</arg>
</arguments>
<assign>
<var>${request}</var>
</assign>
<kw library="OperatingSystem" name="Get File">
<doc>Returns the contents of a specified file.</doc>
<arguments>
<arg>${REQUESTS_PATH}/${request file}</arg>
</arguments>
<assign>
<var>${raw xml text}</var>
</assign>
<msg level="INFO" html="yes" timestamp="20211115 16:24:35.586">Getting file '&lt;a href="file://C:\projekte\robot\test-data\smartproducts\smartcheck\webservices\versioninfo-request.xml"&gt;C:\projekte\robot\test-data\smartproducts\smartcheck\webservices\versioninfo-request.xml&lt;/a&gt;'.</msg>
<msg level="INFO" timestamp="20211115 16:24:35.596">${raw xml text} = &lt;soap:Envelope xmlns:soap="http://www.w3.org/2003/05/soap-envelope" xmlns:syn="http://fis-services.de/synergia/"&gt;
	&lt;soap:Header/&gt;
	&lt;soap:Body&gt;
		&lt;syn:loadVersionInfoRequest&gt;
			&lt;syn:UserId&gt;admin&lt;/syn:...</msg>
<status endtime="20211115 16:24:35.596" starttime="20211115 16:24:35.586" status="PASS"></status>
</kw>
<kw library="String" name="Replace String">
<doc>Replaces ``search_for`` in the given ``string`` with ``replace_with``.</doc>
<arguments>
<arg>${raw xml text}</arg>
<arg>${WEBSERVICE_NAME_SPACE_PLACEHOLDER}</arg>
<arg>${NAME_SPACE}</arg>
</arguments>
<assign>
<var>${xml text}</var>
</assign>
<msg level="INFO" timestamp="20211115 16:24:35.606">${xml text} = &lt;soap:Envelope xmlns:soap="http://www.w3.org/2003/05/soap-envelope" xmlns:syn="http://fis-services.de/synergia/"&gt;
	&lt;soap:Header/&gt;
	&lt;soap:Body&gt;
		&lt;syn:loadVersionInfoRequest&gt;
			&lt;syn:UserId&gt;admin&lt;/syn:...</msg>
<status endtime="20211115 16:24:35.616" starttime="20211115 16:24:35.596" status="PASS"></status>
</kw>
<kw library="XML" name="Parse Xml">
<doc>Parses the given XML file or string into an element structure.</doc>
<arguments>
<arg>${xml text}</arg>
</arguments>
<assign>
<var>${request}</var>
</assign>
<msg level="INFO" timestamp="20211115 16:24:35.815">${request} = &lt;Element 'Envelope' at 0x291&gt;</msg>
<status endtime="20211115 16:24:35.815" starttime="20211115 16:24:35.616" status="PASS"></status>
</kw>
<msg level="INFO" timestamp="20211115 16:24:35.815">${request} = &lt;Element 'Envelope' at 0x291&gt;</msg>
<status endtime="20211115 16:24:35.825" starttime="20211115 16:24:35.576" status="PASS"></status>
</kw>
<kw library="BuiltIn" name="Log">
<doc>Logs the given message with the given level.</doc>
<arguments>
<arg>${user id}</arg>
</arguments>
<msg level="INFO" timestamp="20211115 16:24:35.827">admin</msg>
<status endtime="20211115 16:24:35.827" starttime="20211115 16:24:35.827" status="PASS"></status>
</kw>
<kw library="BuiltIn" name="Log">
<doc>Logs the given message with the given level.</doc>
<arguments>
<arg>${password}</arg>
</arguments>
<msg level="INFO" timestamp="20211115 16:24:35.837">admin123</msg>
<status endtime="20211115 16:24:35.837" starttime="20211115 16:24:35.837" status="PASS"></status>
</kw>
<kw library="XML" name="Set Element Text">
<doc>Sets text and/or tail text of the specified element.</doc>
<arguments>
<arg>${request}</arg>
<arg>${user id}</arg>
<arg>xpath=.//UserId</arg>
</arguments>
<status endtime="20211115 16:24:35.847" starttime="20211115 16:24:35.837" status="PASS"></status>
</kw>
<kw library="XML" name="Set Element Text">
<doc>Sets text and/or tail text of the specified element.</doc>
<arguments>
<arg>${request}</arg>
<arg>${password}</arg>
<arg>xpath=.//Password</arg>
</arguments>
<status endtime="20211115 16:24:35.857" starttime="20211115 16:24:35.847" status="PASS"></status>
</kw>
<kw library="smartcheck-webservice" name="Get Smartcheck Webservice Endpoint">
<doc>Returns Smartcheck Webservice Endpoint</doc>
<arguments>
<arg>${smartcheck ip}</arg>
<arg>${port}</arg>
</arguments>
<assign>
<var>${endpoint}</var>
</assign>
<kw library="BuiltIn" name="Set Variable">
<doc>Returns the given values which can then be assigned to a variables.</doc>
<arguments>
<arg>http://${smartcheck ip}:${tcp port}/smartcheck</arg>
</arguments>
<assign>
<var>${endpoint}</var>
</assign>
<msg level="INFO" timestamp="20211115 16:24:36.024">${endpoint} = http://10.179.8.173:80/smartcheck</msg>
<status endtime="20211115 16:24:36.024" starttime="20211115 16:24:36.014" status="PASS"></status>
</kw>
<msg level="INFO" timestamp="20211115 16:24:36.024">${endpoint} = http://10.179.8.173:80/smartcheck</msg>
<status endtime="20211115 16:24:36.024" starttime="20211115 16:24:36.014" status="PASS"></status>
</kw>
<kw library="BuiltIn" name="Set Log Level">
<doc>Sets the log threshold to the specified level and returns the old level.</doc>
<arguments>
<arg>ERROR</arg>
</arguments>
<assign>
<var>${old_log_level}</var>
</assign>
<status endtime="20211115 16:24:36.034" starttime="20211115 16:24:36.024" status="PASS"></status>
</kw>
<kw library="BuiltIn" name="Wait Until Keyword Succeeds">
<doc>Runs the specified keyword and retries if it fails.</doc>
<arguments>
<arg>10 min</arg>
<arg>10 s</arg>
<arg>Send Request</arg>
<arg>${endpoint}</arg>
<arg>${request}</arg>
</arguments>
<assign>
<var>${response}</var>
</assign>
<kw library="webservice" name="Send Request">
<doc>Sendet Request und liefert response as object</doc>
<arguments>
<arg>${endpoint}</arg>
<arg>${request}</arg>
</arguments>
<kw library="BuiltIn" name="Create Dictionary">
<doc>Creates and returns a dictionary based on the given ``items``.</doc>
<arguments>
<arg>Connection=close</arg>
</arguments>
<assign>
<var>${headers}</var>
</assign>
<status endtime="20211115 16:24:36.300" starttime="20211115 16:24:36.300" status="PASS"></status>
</kw>
<kw library="RequestsLibrary" name="Create Session">
<doc>Create Session: create a HTTP session to a server</doc>
<arguments>
<arg>SoapSession</arg>
<arg>${endpoint}</arg>
<arg>timeout=60</arg>
</arguments>
<status endtime="20211115 16:24:36.320" starttime="20211115 16:24:36.300" status="PASS"></status>
</kw>
<kw library="XML" name="Element To String">
<doc>Returns the string representation of the specified element.</doc>
<arguments>
<arg>${request_xml}</arg>
</arguments>
<assign>
<var>${request text}</var>
</assign>
<status endtime="20211115 16:24:36.326" starttime="20211115 16:24:36.326" status="PASS"></status>
</kw>
<kw library="XML" name="Get Element">
<doc>Returns an element in the ``source`` matching the ``xpath``.</doc>
<arguments>
<arg>${request_xml}</arg>
<arg>xpath=.//Body/*[1]</arg>
</arguments>
<assign>
<var>${request_element}</var>
</assign>
<status endtime="20211115 16:24:36.336" starttime="20211115 16:24:36.336" status="PASS"></status>
</kw>
<kw library="BuiltIn" name="Set Variable">
<doc>Returns the given values which can then be assigned to a variables.</doc>
<arguments>
<arg>${request_element.tag}</arg>
</arguments>
<assign>
<var>${request_name}</var>
</assign>
<status endtime="20211115 16:24:36.346" starttime="20211115 16:24:36.346" status="PASS"></status>
</kw>
<kw library="BuiltIn" name="Run Keyword And Ignore Error">
<doc>Runs the given keyword with the given arguments and ignores possible error.</doc>
<arguments>
<arg>Post Request</arg>
<arg>SoapSession</arg>
<arg>${EMPTY}</arg>
<arg>${request text}</arg>
<arg>headers=${headers}</arg>
<arg>timeout=60</arg>
</arguments>
<assign>
<var>${result}</var>
<var>${response}</var>
</assign>
<kw library="RequestsLibrary" name="Post Request">
<doc>Send a POST request on the session object found using the</doc>
<arguments>
<arg>SoapSession</arg>
<arg>${EMPTY}</arg>
<arg>${request text}</arg>
<arg>headers=${headers}</arg>
<arg>timeout=60</arg>
</arguments>
<status endtime="20211115 16:24:36.451" starttime="20211115 16:24:36.357" status="PASS"></status>
</kw>
<status endtime="20211115 16:24:36.461" starttime="20211115 16:24:36.357" status="PASS"></status>
</kw>
<kw library="BuiltIn" name="Set Variable If">
<doc>Sets variable based on the given condition.</doc>
<arguments>
<arg>'${result}'=='FAIL'</arg>
<arg>${response}</arg>
</arguments>
<assign>
<var>${message}</var>
</assign>
<status endtime="20211115 16:24:36.471" starttime="20211115 16:24:36.461" status="PASS"></status>
</kw>
<kw library="BuiltIn" name="Set Variable If">
<doc>Sets variable based on the given condition.</doc>
<arguments>
<arg>"""${message}"""=="""${TIMEOUT_ERROR_MESSAGE}"""</arg>
<arg>Soap Request Timeout aufgetreten!</arg>
<arg>${message}</arg>
</arguments>
<assign>
<var>${message}</var>
</assign>
<status endtime="20211115 16:24:36.481" starttime="20211115 16:24:36.471" status="PASS"></status>
</kw>
<kw library="BuiltIn" name="Run Keyword If">
<doc>Runs the given keyword with the given arguments, if ``condition`` is true.</doc>
<arguments>
<arg>'${result}'=='FAIL'</arg>
<arg>Fail</arg>
<arg>${message}</arg>
</arguments>
<status endtime="20211115 16:24:36.491" starttime="20211115 16:24:36.481" status="PASS"></status>
</kw>
<kw library="BuiltIn" name="Should Be Equal As Strings">
<doc>Fails if objects are unequal after converting them to strings.</doc>
<arguments>
<arg>${response.headers['content-type']}</arg>
<arg>application/soap+xml; charset=utf-8</arg>
<arg>Fehler bei der Webservice-Abfrage ${request_name}: Antwort ist keine korrekte Webservice-Antwort. Wahrscheinlich ist das SmartCheck nicht im Normalzustand.</arg>
</arguments>
<status endtime="20211115 16:24:36.511" starttime="20211115 16:24:36.491" status="PASS"></status>
</kw>
<kw type="teardown" library="RequestsLibrary" name="Delete All Sessions">
<doc>Removes all the session objects</doc>
<status endtime="20211115 16:24:36.521" starttime="20211115 16:24:36.511" status="PASS"></status>
</kw>
<timeout value="30 minutes"></timeout>
<status endtime="20211115 16:24:36.521" starttime="20211115 16:24:36.290" status="PASS"></status>
</kw>
<status endtime="20211115 16:24:36.521" starttime="20211115 16:24:36.034" status="PASS"></status>
</kw>
<kw library="XML" name="Parse Xml">
<doc>Parses the given XML file or string into an element structure.</doc>
<arguments>
<arg>${response.text}</arg>
</arguments>
<assign>
<var>${response_xml}</var>
</assign>
<status endtime="20211115 16:24:36.571" starttime="20211115 16:24:36.531" status="PASS"></status>
</kw>
<kw type="teardown" library="BuiltIn" name="Set Log Level">
<doc>Sets the log threshold to the specified level and returns the old level.</doc>
<arguments>
<arg>${old_log_level}</arg>
</arguments>
<msg level="INFO" timestamp="20211115 16:24:36.584">Log level changed from ERROR to INFO.</msg>
<status endtime="20211115 16:24:36.584" starttime="20211115 16:24:36.584" status="PASS"></status>
</kw>
<msg level="INFO" timestamp="20211115 16:24:36.594">${system_info_xml} = &lt;Element 'Envelope' at 0x300&gt;</msg>
<status endtime="20211115 16:24:36.594" starttime="20211115 16:24:35.281" status="PASS"></status>
</kw>
<kw library="smartcheck" name="Set Webservice User And Password">
<doc>Set user and Password depending on activating/deactivating user management.</doc>
<arguments>
<arg>${smartcheck_ip}</arg>
</arguments>
<kw library="smartcheck" name="Is Maintenance-System Running">
<doc>Öffnet einen Browser und prüft, ob das Maintenance System läuft.</doc>
<arguments>
<arg>${smartcheck ip}</arg>
<arg>${SMARTCHECK_ADMIN_USER}</arg>
<arg>${SMARTCHECK_ADMIN_PASSWORD}</arg>
</arguments>
<assign>
<var>${maintenance_mode}</var>
</assign>
<kw library="BuiltIn" name="Create List">
<doc>Returns a list containing given items.</doc>
<arguments>
<arg>${user id}</arg>
<arg>${password}</arg>
</arguments>
<assign>
<var>@{auth}</var>
</assign>
<msg level="INFO" timestamp="20211115 16:24:36.614">@{auth} = [ admin | 1 ]</msg>
<status endtime="20211115 16:24:36.614" starttime="20211115 16:24:36.614" status="PASS"></status>
</kw>
<kw library="RequestsLibrary" name="Create Session">
<doc>Create Session: create a HTTP session to a server</doc>
<arguments>
<arg>Smartcheck</arg>
<arg>http://${smartcheck ip}:${port}</arg>
<arg>auth=@{auth}</arg>
<arg>timeout=5</arg>
</arguments>
<msg level="INFO" timestamp="20211115 16:24:36.624">Creating Session using : alias=Smartcheck, url=http://10.179.8.173:80, headers={},                     cookies=None, auth=&lt;requests.auth.HTTPBasicAuth object at 0x31c&gt;, timeout=5, proxies=None, verify=False,                     debug=0 </msg>
<status endtime="20211115 16:24:36.634" starttime="20211115 16:24:36.624" status="PASS"></status>
</kw>
<kw library="BuiltIn" name="Set Log Level">
<doc>Sets the log threshold to the specified level and returns the old level.</doc>
<arguments>
<arg>ERROR</arg>
</arguments>
<status endtime="20211115 16:24:36.644" starttime="20211115 16:24:36.634" status="PASS"></status>
</kw>
<kw library="BuiltIn" name="Wait Until Keyword Succeeds">
<doc>Runs the specified keyword and retries if it fails.</doc>
<arguments>
<arg>120 s</arg>
<arg>2 s</arg>
<arg>Get Request</arg>
<arg>Smartcheck</arg>
<arg>/</arg>
</arguments>
<assign>
<var>${response}</var>
</assign>
<kw library="RequestsLibrary" name="Get Request">
<doc>Send a GET request on the session object found using the</doc>
<arguments>
<arg>Smartcheck</arg>
<arg>/</arg>
</arguments>
<status endtime="20211115 16:24:36.704" starttime="20211115 16:24:36.654" status="PASS"></status>
</kw>
<status endtime="20211115 16:24:36.704" starttime="20211115 16:24:36.644" status="PASS"></status>
</kw>
<kw library="BuiltIn" name="Set Log Level">
<doc>Sets the log threshold to the specified level and returns the old level.</doc>
<arguments>
<arg>INFO</arg>
</arguments>
<msg level="INFO" timestamp="20211115 16:24:36.714">Log level changed from ERROR to INFO.</msg>
<status endtime="20211115 16:24:36.714" starttime="20211115 16:24:36.704" status="PASS"></status>
</kw>
<kw library="BuiltIn" name="Should Be Equal As Strings">
<doc>Fails if objects are unequal after converting them to strings.</doc>
<arguments>
<arg>${response.status_code}</arg>
<arg>200</arg>
</arguments>
<msg level="INFO" timestamp="20211115 16:24:36.722">Argument types are:
&lt;type 'int'&gt;
&lt;type 'unicode'&gt;</msg>
<status endtime="20211115 16:24:36.722" starttime="20211115 16:24:36.714" status="PASS"></status>
</kw>
<kw library="BuiltIn" name="Log">
<doc>Logs the given message with the given level.</doc>
<arguments>
<arg>${response.text}</arg>
</arguments>
<msg level="INFO" timestamp="20211115 16:24:36.732">&lt;!doctype html&gt;
&lt;html&gt;
&lt;head&gt;
&lt;link rel="shortcut icon" href="favicon.ico" /&gt;
&lt;link rel="icon" href="favicon.gif" /&gt;

&lt;meta HTTP-EQUIV="REFRESH" content="0; url=/html/index.html?cachebreaker=1.26.0"&gt;
&lt;/head&gt;

&lt;body&gt;

&lt;/body&gt;
&lt;/html&gt;
</msg>
<status endtime="20211115 16:24:36.732" starttime="20211115 16:24:36.730" status="PASS"></status>
</kw>
<kw library="BuiltIn" name="Run Keyword And Return Status">
<doc>Runs the given keyword with given arguments and returns the status as a Boolean value.</doc>
<arguments>
<arg>Should Contain</arg>
<arg>${response.text}</arg>
<arg>url=/cgi-bin/rescue.cgi</arg>
</arguments>
<assign>
<var>${result}</var>
</assign>
<kw library="BuiltIn" name="Should Contain">
<doc>Fails if ``container`` does not contain ``item`` one or more times.</doc>
<arguments>
<arg>${response.text}</arg>
<arg>url=/cgi-bin/rescue.cgi</arg>
</arguments>
<msg level="FAIL" timestamp="20211115 16:24:36.752">'&lt;!doctype html&gt;
&lt;html&gt;
&lt;head&gt;
&lt;link rel="shortcut icon" href="favicon.ico" /&gt;
&lt;link rel="icon" href="favicon.gif" /&gt;

&lt;meta HTTP-EQUIV="REFRESH" content="0; url=/html/index.html?cachebreaker=1.26.0"&gt;
&lt;/head&gt;

&lt;body&gt;

&lt;/body&gt;
&lt;/html&gt;
' does not contain 'url=/cgi-bin/rescue.cgi'</msg>
<status endtime="20211115 16:24:36.752" starttime="20211115 16:24:36.742" status="FAIL"></status>
</kw>
<msg level="INFO" timestamp="20211115 16:24:36.752">${result} = False</msg>
<status endtime="20211115 16:24:36.760" starttime="20211115 16:24:36.742" status="PASS"></status>
</kw>
<msg level="INFO" timestamp="20211115 16:24:36.764">${maintenance_mode} = False</msg>
<status endtime="20211115 16:24:36.764" starttime="20211115 16:24:36.604" status="PASS"></status>
</kw>
<kw library="BuiltIn" name="Return From Keyword If">
<doc>Returns from the enclosing user keyword if ``condition`` is true.</doc>
<arguments>
<arg>${maintenance_mode}</arg>
</arguments>
<status endtime="20211115 16:24:36.770" starttime="20211115 16:24:36.764" status="PASS"></status>
</kw>
<kw library="smartcheck" name="Is User Management Active">
<doc>Liefert true if User Management Active.</doc>
<arguments>
<arg>${smartcheck ip}</arg>
<arg>${port}</arg>
</arguments>
<assign>
<var>${um_active}</var>
</assign>
<kw library="BuiltIn" name="Run Keyword And Return Status">
<doc>Runs the given keyword with given arguments and returns the status as a Boolean value.</doc>
<arguments>
<arg>LoadVersionInfo</arg>
<arg>${smartcheck ip}</arg>
<arg>${port}</arg>
<arg>${SMARTCHECK_STANDARD_USER}</arg>
<arg>${SMARTCHECK_STANDARD_PASSWORD}</arg>
</arguments>
<assign>
<var>${is_not_aktive}</var>
</assign>
<kw library="smartcheck-webservice" name="LoadVersionInfo">
<doc>Systeminfo Webservice Client .</doc>
<arguments>
<arg>${smartcheck ip}</arg>
<arg>${port}</arg>
<arg>${SMARTCHECK_STANDARD_USER}</arg>
<arg>${SMARTCHECK_STANDARD_PASSWORD}</arg>
</arguments>
<kw library="BuiltIn" name="Comment">
<doc>Displays the given messages in the log file as keyword arguments.</doc>
<arguments>
<arg>Create Session</arg>
<arg>Smartcheck</arg>
<arg>http://${smartcheck ip}:${port}/smartcheck</arg>
</arguments>
<status endtime="20211115 16:24:37.338" starttime="20211115 16:24:37.338" status="PASS"></status>
</kw>
<kw library="smartcheck-webservice" name="Get Request From File">
<doc>Liest Request form file in XML Object</doc>
<arguments>
<arg>versioninfo-request.xml</arg>
</arguments>
<assign>
<var>${request}</var>
</assign>
<kw library="OperatingSystem" name="Get File">
<doc>Returns the contents of a specified file.</doc>
<arguments>
<arg>${REQUESTS_PATH}/${request file}</arg>
</arguments>
<assign>
<var>${raw xml text}</var>
</assign>
<msg level="INFO" html="yes" timestamp="20211115 16:24:37.646">Getting file '&lt;a href="file://C:\projekte\robot\test-data\smartproducts\smartcheck\webservices\versioninfo-request.xml"&gt;C:\projekte\robot\test-data\smartproducts\smartcheck\webservices\versioninfo-request.xml&lt;/a&gt;'.</msg>
<msg level="INFO" timestamp="20211115 16:24:37.646">${raw xml text} = &lt;soap:Envelope xmlns:soap="http://www.w3.org/2003/05/soap-envelope" xmlns:syn="http://fis-services.de/synergia/"&gt;
	&lt;soap:Header/&gt;
	&lt;soap:Body&gt;
		&lt;syn:loadVersionInfoRequest&gt;
			&lt;syn:UserId&gt;admin&lt;/syn:...</msg>
<status endtime="20211115 16:24:37.656" starttime="20211115 16:24:37.646" status="PASS"></status>
</kw>
<kw library="String" name="Replace String">
<doc>Replaces ``search_for`` in the given ``string`` with ``replace_with``.</doc>
<arguments>
<arg>${raw xml text}</arg>
<arg>${WEBSERVICE_NAME_SPACE_PLACEHOLDER}</arg>
<arg>${NAME_SPACE}</arg>
</arguments>
<assign>
<var>${xml text}</var>
</assign>
<msg level="INFO" timestamp="20211115 16:24:37.658">${xml text} = &lt;soap:Envelope xmlns:soap="http://www.w3.org/2003/05/soap-envelope" xmlns:syn="http://fis-services.de/synergia/"&gt;
	&lt;soap:Header/&gt;
	&lt;soap:Body&gt;
		&lt;syn:loadVersionInfoRequest&gt;
			&lt;syn:UserId&gt;admin&lt;/syn:...</msg>
<status endtime="20211115 16:24:37.658" starttime="20211115 16:24:37.658" status="PASS"></status>
</kw>
<kw library="XML" name="Parse Xml">
<doc>Parses the given XML file or string into an element structure.</doc>
<arguments>
<arg>${xml text}</arg>
</arguments>
<assign>
<var>${request}</var>
</assign>
<msg level="INFO" timestamp="20211115 16:24:37.677">${request} = &lt;Element 'Envelope' at 0x37c&gt;</msg>
<status endtime="20211115 16:24:37.677" starttime="20211115 16:24:37.658" status="PASS"></status>
</kw>
<msg level="INFO" timestamp="20211115 16:24:37.677">${request} = &lt;Element 'Envelope' at 0x37c&gt;</msg>
<status endtime="20211115 16:24:37.677" starttime="20211115 16:24:37.639" status="PASS"></status>
</kw>
<kw library="BuiltIn" name="Log">
<doc>Logs the given message with the given level.</doc>
<arguments>
<arg>${user id}</arg>
</arguments>
<msg level="INFO" timestamp="20211115 16:24:37.686">admin</msg>
<status endtime="20211115 16:24:37.686" starttime="20211115 16:24:37.677" status="PASS"></status>
</kw>
<kw library="BuiltIn" name="Log">
<doc>Logs the given message with the given level.</doc>
<arguments>
<arg>${password}</arg>
</arguments>
<msg level="INFO" timestamp="20211115 16:24:37.689">admin123</msg>
<status endtime="20211115 16:24:37.689" starttime="20211115 16:24:37.689" status="PASS"></status>
</kw>
<kw library="XML" name="Set Element Text">
<doc>Sets text and/or tail text of the specified element.</doc>
<arguments>
<arg>${request}</arg>
<arg>${user id}</arg>
<arg>xpath=.//UserId</arg>
</arguments>
<status endtime="20211115 16:24:37.689" starttime="20211115 16:24:37.689" status="PASS"></status>
</kw>
<kw library="XML" name="Set Element Text">
<doc>Sets text and/or tail text of the specified element.</doc>
<arguments>
<arg>${request}</arg>
<arg>${password}</arg>
<arg>xpath=.//Password</arg>
</arguments>
<status endtime="20211115 16:24:37.697" starttime="20211115 16:24:37.697" status="PASS"></status>
</kw>
<kw library="smartcheck-webservice" name="Get Smartcheck Webservice Endpoint">
<doc>Returns Smartcheck Webservice Endpoint</doc>
<arguments>
<arg>${smartcheck ip}</arg>
<arg>${port}</arg>
</arguments>
<assign>
<var>${endpoint}</var>
</assign>
<kw library="BuiltIn" name="Set Variable">
<doc>Returns the given values which can then be assigned to a variables.</doc>
<arguments>
<arg>http://${smartcheck ip}:${tcp port}/smartcheck</arg>
</arguments>
<assign>
<var>${endpoint}</var>
</assign>
<msg level="INFO" timestamp="20211115 16:24:37.831">${endpoint} = http://10.179.8.173:80/smartcheck</msg>
<status endtime="20211115 16:24:37.841" starttime="20211115 16:24:37.831" status="PASS"></status>
</kw>
<msg level="INFO" timestamp="20211115 16:24:37.841">${endpoint} = http://10.179.8.173:80/smartcheck</msg>
<status endtime="20211115 16:24:37.841" starttime="20211115 16:24:37.821" status="PASS"></status>
</kw>
<kw library="webservice" name="Send Soap Request">
<doc>Sendet Soap request</doc>
<arguments>
<arg>${endpoint}</arg>
<arg>${request}</arg>
</arguments>
<assign>
<var>${response xml}</var>
</assign>
<kw library="webservice" name="Send Request">
<doc>Sendet Request und liefert response as object</doc>
<arguments>
<arg>${endpoint}</arg>
<arg>${request_xml}</arg>
</arguments>
<assign>
<var>${response}</var>
</assign>
<kw library="BuiltIn" name="Create Dictionary">
<doc>Creates and returns a dictionary based on the given ``items``.</doc>
<arguments>
<arg>Connection=close</arg>
</arguments>
<assign>
<var>${headers}</var>
</assign>
<msg level="INFO" timestamp="20211115 16:24:38.273">${headers} = {u'Connection': u'close'}</msg>
<status endtime="20211115 16:24:38.273" starttime="20211115 16:24:38.273" status="PASS"></status>
</kw>
<kw library="RequestsLibrary" name="Create Session">
<doc>Create Session: create a HTTP session to a server</doc>
<arguments>
<arg>SoapSession</arg>
<arg>${endpoint}</arg>
<arg>timeout=60</arg>
</arguments>
<msg level="INFO" timestamp="20211115 16:24:38.283">Creating Session using : alias=SoapSession, url=http://10.179.8.173:80/smartcheck, headers={},                     cookies=None, auth=None, timeout=60, proxies=None, verify=False,                     debug=0 </msg>
<status endtime="20211115 16:24:38.293" starttime="20211115 16:24:38.273" status="PASS"></status>
</kw>
<kw library="XML" name="Element To String">
<doc>Returns the string representation of the specified element.</doc>
<arguments>
<arg>${request_xml}</arg>
</arguments>
<assign>
<var>${request text}</var>
</assign>
<msg level="INFO" timestamp="20211115 16:24:38.293">${request text} = &lt;Envelope xmlns="http://www.w3.org/2003/05/soap-envelope"&gt;
	&lt;Header /&gt;
	&lt;Body&gt;
		&lt;loadVersionInfoRequest xmlns="http://fis-services.de/synergia/"&gt;
			&lt;UserId&gt;admin&lt;/UserId&gt;
			&lt;Password&gt;admin123&lt;/Pass...</msg>
<status endtime="20211115 16:24:38.303" starttime="20211115 16:24:38.293" status="PASS"></status>
</kw>
<kw library="XML" name="Get Element">
<doc>Returns an element in the ``source`` matching the ``xpath``.</doc>
<arguments>
<arg>${request_xml}</arg>
<arg>xpath=.//Body/*[1]</arg>
</arguments>
<assign>
<var>${request_element}</var>
</assign>
<msg level="INFO" timestamp="20211115 16:24:38.303">${request_element} = &lt;Element 'loadVersionInfoRequest' at 0x3c8&gt;</msg>
<status endtime="20211115 16:24:38.303" starttime="20211115 16:24:38.303" status="PASS"></status>
</kw>
<kw library="BuiltIn" name="Set Variable">
<doc>Returns the given values which can then be assigned to a variables.</doc>
<arguments>
<arg>${request_element.tag}</arg>
</arguments>
<assign>
<var>${request_name}</var>
</assign>
<msg level="INFO" timestamp="20211115 16:24:38.313">${request_name} = loadVersionInfoRequest</msg>
<status endtime="20211115 16:24:38.313" starttime="20211115 16:24:38.303" status="PASS"></status>
</kw>
<kw library="BuiltIn" name="Run Keyword And Ignore Error">
<doc>Runs the given keyword with the given arguments and ignores possible error.</doc>
<arguments>
<arg>Post Request</arg>
<arg>SoapSession</arg>
<arg>${EMPTY}</arg>
<arg>${request text}</arg>
<arg>headers=${headers}</arg>
<arg>timeout=60</arg>
</arguments>
<assign>
<var>${result}</var>
<var>${response}</var>
</assign>
<kw library="RequestsLibrary" name="Post Request">
<doc>Send a POST request on the session object found using the</doc>
<arguments>
<arg>SoapSession</arg>
<arg>${EMPTY}</arg>
<arg>${request text}</arg>
<arg>headers=${headers}</arg>
<arg>timeout=60</arg>
</arguments>
<msg level="INFO" timestamp="20211115 16:24:38.363">Post Request using : alias=SoapSession, uri=, data=&lt;empty&gt;, headers={u'Connection': u'close'}, files=None, allow_redirects=True </msg>
<status endtime="20211115 16:24:38.373" starttime="20211115 16:24:38.323" status="PASS"></status>
</kw>
<msg level="INFO" timestamp="20211115 16:24:38.373">${result} = PASS</msg>
<msg level="INFO" timestamp="20211115 16:24:38.373">${response} = &lt;Response [200]&gt;</msg>
<status endtime="20211115 16:24:38.373" starttime="20211115 16:24:38.323" status="PASS"></status>
</kw>
<kw library="BuiltIn" name="Set Variable If">
<doc>Sets variable based on the given condition.</doc>
<arguments>
<arg>'${result}'=='FAIL'</arg>
<arg>${response}</arg>
</arguments>
<assign>
<var>${message}</var>
</assign>
<msg level="INFO" timestamp="20211115 16:24:38.383">${message} = None</msg>
<status endtime="20211115 16:24:38.383" starttime="20211115 16:24:38.373" status="PASS"></status>
</kw>
<kw library="BuiltIn" name="Set Variable If">
<doc>Sets variable based on the given condition.</doc>
<arguments>
<arg>"""${message}"""=="""${TIMEOUT_ERROR_MESSAGE}"""</arg>
<arg>Soap Request Timeout aufgetreten!</arg>
<arg>${message}</arg>
</arguments>
<assign>
<var>${message}</var>
</assign>
<msg level="INFO" timestamp="20211115 16:24:38.389">${message} = None</msg>
<status endtime="20211115 16:24:38.389" starttime="20211115 16:24:38.389" status="PASS"></status>
</kw>
<kw library="BuiltIn" name="Run Keyword If">
<doc>Runs the given keyword with the given arguments, if ``condition`` is true.</doc>
<arguments>
<arg>'${result}'=='FAIL'</arg>
<arg>Fail</arg>
<arg>${message}</arg>
</arguments>
<status endtime="20211115 16:24:38.399" starttime="20211115 16:24:38.389" status="PASS"></status>
</kw>
<kw library="BuiltIn" name="Should Be Equal As Strings">
<doc>Fails if objects are unequal after converting them to strings.</doc>
<arguments>
<arg>${response.headers['content-type']}</arg>
<arg>application/soap+xml; charset=utf-8</arg>
<arg>Fehler bei der Webservice-Abfrage ${request_name}: Antwort ist keine korrekte Webservice-Antwort. Wahrscheinlich ist das SmartCheck nicht im Normalzustand.</arg>
</arguments>
<msg level="INFO" timestamp="20211115 16:24:38.409">Argument types are:
&lt;type 'str'&gt;
&lt;type 'unicode'&gt;</msg>
<status endtime="20211115 16:24:38.409" starttime="20211115 16:24:38.399" status="PASS"></status>
</kw>
<kw type="teardown" library="RequestsLibrary" name="Delete All Sessions">
<doc>Removes all the session objects</doc>
<msg level="INFO" timestamp="20211115 16:24:38.419">Delete All Sessions</msg>
<status endtime="20211115 16:24:38.419" starttime="20211115 16:24:38.409" status="PASS"></status>
</kw>
<msg level="INFO" timestamp="20211115 16:24:38.419">${response} = &lt;Response [200]&gt;</msg>
<timeout value="30 minutes"></timeout>
<status endtime="20211115 16:24:38.419" starttime="20211115 16:24:38.263" status="PASS"></status>
</kw>
<kw library="webservice" name="Check Soap Response">
<arguments>
<arg>${response}</arg>
</arguments>
<assign>
<var>${response_xml}</var>
</assign>
<kw library="XML" name="Parse Xml">
<doc>Parses the given XML file or string into an element structure.</doc>
<arguments>
<arg>${response.text}</arg>
</arguments>
<assign>
<var>${response_xml}</var>
</assign>
<msg level="INFO" timestamp="20211115 16:24:38.461">${response_xml} = &lt;Element 'Envelope' at 0x40f&gt;</msg>
<status endtime="20211115 16:24:38.461" starttime="20211115 16:24:38.429" status="PASS"></status>
</kw>
<kw library="XML" name="Get Element">
<doc>Returns an element in the ``source`` matching the ``xpath``.</doc>
<arguments>
<arg>${response_xml}</arg>
<arg>xpath=.//Body/*[1]</arg>
</arguments>
<assign>
<var>${response_element}</var>
</assign>
<msg level="INFO" timestamp="20211115 16:24:38.471">${response_element} = &lt;Element 'loadVersionInfoResponse' at 0x417&gt;</msg>
<status endtime="20211115 16:24:38.471" starttime="20211115 16:24:38.461" status="PASS"></status>
</kw>
<kw library="BuiltIn" name="Set Variable">
<doc>Returns the given values which can then be assigned to a variables.</doc>
<arguments>
<arg>${response_element.tag}</arg>
</arguments>
<assign>
<var>${response_name}</var>
</assign>
<msg level="INFO" timestamp="20211115 16:24:38.491">${response_name} = loadVersionInfoResponse</msg>
<status endtime="20211115 16:24:38.491" starttime="20211115 16:24:38.481" status="PASS"></status>
</kw>
<kw library="XML" name="Element To String">
<doc>Returns the string representation of the specified element.</doc>
<arguments>
<arg>${response_xml}</arg>
<arg>xpath=.//Body/*[1]</arg>
</arguments>
<assign>
<var>${message}</var>
</assign>
<msg level="INFO" timestamp="20211115 16:24:38.501">${message} = &lt;loadVersionInfoResponse xmlns="http://fis-services.de/synergia/"&gt;&lt;TotalNumberOfItems&gt;0&lt;/TotalNumberOfItems&gt;&lt;VersionInfo&gt;&lt;Name&gt;application_build_date&lt;/Name&gt;&lt;Value&gt;20211109_171748&lt;/Value&gt;&lt;/VersionInfo&gt;...</msg>
<status endtime="20211115 16:24:38.501" starttime="20211115 16:24:38.491" status="PASS"></status>
</kw>
<kw library="XML" name="Element Should Not Exist">
<doc>Verifies that no element match the given ``xpath``.</doc>
<arguments>
<arg>${response_xml}</arg>
<arg>xpath=.//Fault</arg>
<arg>message=Fehler bei der Webservice-Abfrage ${response_name}: Antwort ist "Soap Fault". ${message}</arg>
</arguments>
<msg level="INFO" timestamp="20211115 16:24:38.511">0 elements matched './/Fault'.</msg>
<status endtime="20211115 16:24:38.511" starttime="20211115 16:24:38.501" status="PASS"></status>
</kw>
<msg level="INFO" timestamp="20211115 16:24:38.511">${response_xml} = &lt;Element 'Envelope' at 0x40f&gt;</msg>
<status endtime="20211115 16:24:38.511" starttime="20211115 16:24:38.419" status="PASS"></status>
</kw>
<msg level="INFO" timestamp="20211115 16:24:38.511">${response xml} = &lt;Element 'Envelope' at 0x40f&gt;</msg>
<timeout value="30 minutes"></timeout>
<status endtime="20211115 16:24:38.521" starttime="20211115 16:24:38.121" status="PASS"></status>
</kw>
<status endtime="20211115 16:24:38.521" starttime="20211115 16:24:37.328" status="PASS"></status>
</kw>
<msg level="INFO" timestamp="20211115 16:24:38.521">${is_not_aktive} = True</msg>
<status endtime="20211115 16:24:38.521" starttime="20211115 16:24:37.174" status="PASS"></status>
</kw>
<kw library="BuiltIn" name="Return From Keyword If">
<doc>Returns from the enclosing user keyword if ``condition`` is true.</doc>
<arguments>
<arg>${is_not_aktive}</arg>
<arg>not ${is_not_aktive}</arg>
</arguments>
<msg level="INFO" timestamp="20211115 16:24:38.521">Returning from the enclosing user keyword.</msg>
<status endtime="20211115 16:24:38.521" starttime="20211115 16:24:38.521" status="PASS"></status>
</kw>
<msg level="INFO" timestamp="20211115 16:24:38.531">${um_active} = not True</msg>
<status endtime="20211115 16:24:38.531" starttime="20211115 16:24:37.166" status="PASS"></status>
</kw>
<kw library="BuiltIn" name="Set Variable">
<doc>Returns the given values which can then be assigned to a variables.</doc>
<arguments>
<arg>${um_active}</arg>
</arguments>
<assign>
<var>${USER_MANAGEMENT_AKTIVE}</var>
</assign>
<msg level="INFO" timestamp="20211115 16:24:38.531">${USER_MANAGEMENT_AKTIVE} = not True</msg>
<status endtime="20211115 16:24:38.531" starttime="20211115 16:24:38.531" status="PASS"></status>
</kw>
<kw library="BuiltIn" name="Set Suite Variable">
<doc>Makes a variable available everywhere within the scope of the current suite.</doc>
<arguments>
<arg>${USER_MANAGEMENT_AKTIVE}</arg>
</arguments>
<msg level="INFO" timestamp="20211115 16:24:38.541">${USER_MANAGEMENT_AKTIVE} = not True</msg>
<status endtime="20211115 16:24:38.545" starttime="20211115 16:24:38.541" status="PASS"></status>
</kw>
<kw library="BuiltIn" name="Set Variable If">
<doc>Sets variable based on the given condition.</doc>
<arguments>
<arg>${USER_MANAGEMENT_AKTIVE}</arg>
<arg>${SMARTCHECK_ADMIN_USER}</arg>
<arg>${SMARTCHECK_STANDARD_USER}</arg>
</arguments>
<assign>
<var>${SMARTCHECK_USER}</var>
</assign>
<msg level="INFO" timestamp="20211115 16:24:38.545">${SMARTCHECK_USER} = admin</msg>
<status endtime="20211115 16:24:38.545" starttime="20211115 16:24:38.545" status="PASS"></status>
</kw>
<kw library="BuiltIn" name="Set Suite Variable">
<doc>Makes a variable available everywhere within the scope of the current suite.</doc>
<arguments>
<arg>${SMARTCHECK_USER}</arg>
</arguments>
<msg level="INFO" timestamp="20211115 16:24:38.555">${SMARTCHECK_USER} = admin</msg>
<status endtime="20211115 16:24:38.555" starttime="20211115 16:24:38.545" status="PASS"></status>
</kw>
<kw library="BuiltIn" name="Set Variable If">
<doc>Sets variable based on the given condition.</doc>
<arguments>
<arg>${USER_MANAGEMENT_AKTIVE}</arg>
<arg>${SMARTCHECK_ADMIN_PASSWORD}</arg>
<arg>${SMARTCHECK_STANDARD_PASSWORD}</arg>
</arguments>
<assign>
<var>${SMARTCHECK_PASSWORD}</var>
</assign>
<msg level="INFO" timestamp="20211115 16:24:38.565">${SMARTCHECK_PASSWORD} = admin123</msg>
<status endtime="20211115 16:24:38.565" starttime="20211115 16:24:38.555" status="PASS"></status>
</kw>
<kw library="BuiltIn" name="Set Suite Variable">
<doc>Makes a variable available everywhere within the scope of the current suite.</doc>
<arguments>
<arg>${SMARTCHECK_PASSWORD}</arg>
</arguments>
<msg level="INFO" timestamp="20211115 16:24:38.565">${SMARTCHECK_PASSWORD} = admin123</msg>
<status endtime="20211115 16:24:38.575" starttime="20211115 16:24:38.565" status="PASS"></status>
</kw>
<status endtime="20211115 16:24:38.577" starttime="20211115 16:24:36.594" status="PASS"></status>
</kw>
<status endtime="20211115 16:24:38.577" starttime="20211115 16:24:35.076" status="PASS"></status>
</kw>
<kw library="smartweb-localization" name="Load Locale">
<doc>Lädt Gebietsschema-Strings als Variablen aus der SmartWeb-Gebietsschemadatei, die dem angegeben Gebietsschemanamen entspricht.</doc>
<arguments>
<arg>${SMARTCHECK_LOCALE}</arg>
</arguments>
<kw library="BuiltIn" name="Catenate">
<doc>Catenates the given items together and returns the resulted string.</doc>
<arguments>
<arg>SEPARATOR=/</arg>
<arg>${LIBRARY_VARIABLES_PATH}</arg>
<arg>${LIBRARY_LOCALIZATION_2_VARIABLES_CLASS}</arg>
</arguments>
<assign>
<var>${LocaleVariableFile}</var>
</assign>
<msg level="INFO" timestamp="20211115 16:24:38.587">${LocaleVariableFile} = C:\projekte\robot/lib/variables/LocalizationProperties2Variables.class</msg>
<status endtime="20211115 16:24:38.587" starttime="20211115 16:24:38.577" status="PASS"></status>
</kw>
<kw library="BuiltIn" name="Create List">
<doc>Returns a list containing given items.</doc>
<arguments>
<arg>@{LOCALIZATION_NAMES}</arg>
</arguments>
<assign>
<var>${LocalizationNames}</var>
</assign>
<msg level="INFO" timestamp="20211115 16:24:38.587">${LocalizationNames} = [u'de_DE', u'en_GB', u'es_ES', u'fr_FR', u'zh_CN', u'ja_JP']</msg>
<status endtime="20211115 16:24:38.587" starttime="20211115 16:24:38.587" status="PASS"></status>
</kw>
<kw library="Collections" name="Get Index From List">
<doc>Returns the index of the first occurrence of the ``value`` on the list.</doc>
<arguments>
<arg>${LocalizationNames}</arg>
<arg>${LocaleName}</arg>
</arguments>
<assign>
<var>${LocaleIndex}</var>
</assign>
<msg level="INFO" timestamp="20211115 16:24:38.597">${LocaleIndex} = 0</msg>
<status endtime="20211115 16:24:38.597" starttime="20211115 16:24:38.597" status="PASS"></status>
</kw>
<kw library="BuiltIn" name="Should Not Be Equal">
<doc>Fails if the given objects are equal.</doc>
<arguments>
<arg>${LocaleIndex}</arg>
<arg>${-1}</arg>
<arg>Locale with '${LocaleName}' not supported. Supported locales: ${LocalizationNames}</arg>
</arguments>
<status endtime="20211115 16:24:38.607" starttime="20211115 16:24:38.597" status="PASS"></status>
</kw>
<kw library="BuiltIn" name="Import Variables">
<doc>Imports a variable file with the given path and optional arguments.</doc>
<arguments>
<arg>${LocaleVariableFile}</arg>
<arg>${LOCALIZATION_SOURCE_PATH}</arg>
<arg>${LocaleName}</arg>
<arg>${LOCALIZATION_PATH}</arg>
<arg>${LOCALIZATION_FILE}</arg>
</arguments>
<status endtime="20211115 16:24:38.897" starttime="20211115 16:24:38.607" status="PASS"></status>
</kw>
<status endtime="20211115 16:24:38.897" starttime="20211115 16:24:38.577" status="PASS"></status>
</kw>
<kw library="smartweb-locators" name="Load Locators">
<doc>Load SmartGwt locators (scLocators) for Smartweb from file 'C:\projekte\robot/test-environment/resources/locators/smartweb/smartweb-widget-mapping.csv</doc>
<kw library="SmartgwtLibrary" name="Create Variables From Mapping Objects File">
<doc>*Smartgwt Keyword*</doc>
<arguments>
<arg>${LOCATORS_PATH}</arg>
<arg>${LOCATORS_FILE}</arg>
<arg>${LOCATORS_PATH}</arg>
<arg>${LOCATORS_VARIABLES_FILE}</arg>
</arguments>
<status endtime="20211115 16:24:39.012" starttime="20211115 16:24:38.907" status="PASS"></status>
</kw>
<kw library="SmartgwtLibrary" name="Load Mapping Objects From File">
<doc>*Smartgwt Keyword*</doc>
<arguments>
<arg>${LOCATORS_PATH}</arg>
<arg>${LOCATORS_FILE}</arg>
</arguments>
<status endtime="20211115 16:24:39.075" starttime="20211115 16:24:39.012" status="PASS"></status>
</kw>
<status endtime="20211115 16:24:39.076" starttime="20211115 16:24:38.907" status="PASS"></status>
</kw>
<kw library="smartweb-user-localization" name="Load User-Defined Variables">
<doc>besetzt Variablen mit sprachabhängigen Texten, die nicht aus der Ressourcen-Datei kommen</doc>
<kw library="BuiltIn" name="Run Keyword If">
<doc>Runs the given keyword with the given arguments, if ``condition`` is true.</doc>
<arguments>
<arg>${allow set current culture}==${True}</arg>
<arg>Set Current Culture</arg>
<arg>${SMARTCHECK_LOCALE}</arg>
</arguments>
<kw library="LocalizationLibrary" name="Set Current Culture">
<doc>Legt die aktuell zu verwendende Sprache fest. </doc>
<arguments>
<arg>${SMARTCHECK_LOCALE}</arg>
</arguments>
<status endtime="20211115 16:24:39.085" starttime="20211115 16:24:39.085" status="PASS"></status>
</kw>
<status endtime="20211115 16:24:39.093" starttime="20211115 16:24:39.083" status="PASS"></status>
</kw>
<kw library="BuiltIn" name="Comment">
<doc>Displays the given messages in the log file as keyword arguments.</doc>
<arguments>
<arg>Variable name</arg>
<arg>de</arg>
<arg>en</arg>
<arg>es-ES</arg>
<arg>fr-FR</arg>
<arg>zh-CN</arg>
<arg>ja_JP</arg>
</arguments>
<status endtime="20211115 16:24:39.095" starttime="20211115 16:24:39.095" status="PASS"></status>
</kw>
<kw library="LocalizationLibrary" name="Set Localized Values">
<doc>Legt die sprachabhängigen Inhalte der Variablen, die über den Parameter [name] definiert ist, fest und speichert den der aktuellen Standardsprache entsprechenden Inhalt in der Variablen [name] als TestSuite Variable</doc>
<arguments>
<arg>${TEXT_YES}</arg>
<arg>Ja</arg>
<arg>Yes</arg>
<arg>Sí</arg>
<arg>Oui</arg>
<arg>是</arg>
<arg>はい</arg>
</arguments>
<msg level="INFO" timestamp="20211115 16:24:39.105">${TEXT_YES} = Ja</msg>
<status endtime="20211115 16:24:39.108" starttime="20211115 16:24:39.095" status="PASS"></status>
</kw>
<kw library="LocalizationLibrary" name="Set Localized Values">
<doc>Legt die sprachabhängigen Inhalte der Variablen, die über den Parameter [name] definiert ist, fest und speichert den der aktuellen Standardsprache entsprechenden Inhalt in der Variablen [name] als TestSuite Variable</doc>
<arguments>
<arg>${TEXT_NO}</arg>
<arg>Nein</arg>
<arg>No</arg>
<arg>No</arg>
<arg>Non</arg>
<arg>否</arg>
<arg>いいえ</arg>
</arguments>
<msg level="INFO" timestamp="20211115 16:24:39.108">${TEXT_NO} = Nein</msg>
<status endtime="20211115 16:24:39.113" starttime="20211115 16:24:39.108" status="PASS"></status>
</kw>
<kw library="LocalizationLibrary" name="Set Localized Values">
<doc>Legt die sprachabhängigen Inhalte der Variablen, die über den Parameter [name] definiert ist, fest und speichert den der aktuellen Standardsprache entsprechenden Inhalt in der Variablen [name] als TestSuite Variable</doc>
<arguments>
<arg>${ERROR_FIELD_IS_REQUIRED}</arg>
<arg>Feld ist obligatorisch</arg>
<arg>Field is required</arg>
<arg>Campo es obligatorio</arg>
<arg>Champ requis</arg>
<arg>必填字段</arg>
<arg>フィールドの値は必須です</arg>
</arguments>
<msg level="INFO" timestamp="20211115 16:24:39.115">${ERROR_FIELD_IS_REQUIRED} = Feld ist obligatorisch</msg>
<status endtime="20211115 16:24:39.115" starttime="20211115 16:24:39.115" status="PASS"></status>
</kw>
<kw library="LocalizationLibrary" name="Set Localized Values">
<doc>Legt die sprachabhängigen Inhalte der Variablen, die über den Parameter [name] definiert ist, fest und speichert den der aktuellen Standardsprache entsprechenden Inhalt in der Variablen [name] als TestSuite Variable</doc>
<arguments>
<arg>${ERROR_INVALID_VALUE_FIELD_IS_REQUIRED}</arg>
<arg>Ungültiger Wert\nFeld ist obligatorisch</arg>
<arg>Invalid value\nField is required</arg>
<arg>Valor no validoCampo es obligatorio</arg>
<arg>Valeur incorrecteChamp requis</arg>
<arg>无效输入必填字段</arg>
<arg>???</arg>
</arguments>
<msg level="INFO" timestamp="20211115 16:24:39.125">${ERROR_INVALID_VALUE_FIELD_IS_REQUIRED} = Ungültiger Wert
Feld ist obligatorisch</msg>
<status endtime="20211115 16:24:39.125" starttime="20211115 16:24:39.115" status="PASS"></status>
</kw>
<kw library="LocalizationLibrary" name="Set Localized Values">
<doc>Legt die sprachabhängigen Inhalte der Variablen, die über den Parameter [name] definiert ist, fest und speichert den der aktuellen Standardsprache entsprechenden Inhalt in der Variablen [name] als TestSuite Variable</doc>
<arguments>
<arg>${ERROR_ONLY_INTEGERS_ALLOWED}</arg>
<arg>Muss eine ganze Zahl sein.</arg>
<arg>Must be a whole number.</arg>
<arg>Debe ser todo números.</arg>
<arg>Doit être un nombre entier.</arg>
<arg>请输入整数。</arg>
<arg>値が整数では</arg>
</arguments>
<msg level="INFO" timestamp="20211115 16:24:39.135">${ERROR_ONLY_INTEGERS_ALLOWED} = Muss eine ganze Zahl sein.</msg>
<status endtime="20211115 16:24:39.139" starttime="20211115 16:24:39.125" status="PASS"></status>
</kw>
<kw library="LocalizationLibrary" name="Set Localized Values">
<doc>Legt die sprachabhängigen Inhalte der Variablen, die über den Parameter [name] definiert ist, fest und speichert den der aktuellen Standardsprache entsprechenden Inhalt in der Variablen [name] als TestSuite Variable</doc>
<arguments>
<arg>${ERROR_TIME_VALUE_INVALID}</arg>
<arg>Bitte gültige Zeit eingeben.</arg>
<arg>Must be a time.</arg>
<arg>?-1-?</arg>
<arg>?-1-?</arg>
<arg>?-1-?</arg>
<arg>?-1-?</arg>
</arguments>
<msg level="INFO" timestamp="20211115 16:24:39.144">${ERROR_TIME_VALUE_INVALID} = Bitte gültige Zeit eingeben.</msg>
<status endtime="20211115 16:24:39.146" starttime="20211115 16:24:39.139" status="PASS"></status>
</kw>
<kw library="LocalizationLibrary" name="Set Localized Values">
<doc>Legt die sprachabhängigen Inhalte der Variablen, die über den Parameter [name] definiert ist, fest und speichert den der aktuellen Standardsprache entsprechenden Inhalt in der Variablen [name] als TestSuite Variable</doc>
<arguments>
<arg>${ERROR_ONLY_DECIMAL_ALLOWED}</arg>
<arg>Muss eine Dezimalzahl sein.</arg>
<arg>Must be a valid decimal.</arg>
<arg>Debe se un decimal valido.</arg>
<arg>Doit être un nombre décimal.</arg>
<arg>请输入数字。</arg>
<arg>値が少数ではありません</arg>
</arguments>
<msg level="INFO" timestamp="20211115 16:24:39.154">${ERROR_ONLY_DECIMAL_ALLOWED} = Muss eine Dezimalzahl sein.</msg>
<status endtime="20211115 16:24:39.156" starttime="20211115 16:24:39.146" status="PASS"></status>
</kw>
<kw library="LocalizationLibrary" name="Set Localized Values">
<doc>Legt die sprachabhängigen Inhalte der Variablen, die über den Parameter [name] definiert ist, fest und speichert den der aktuellen Standardsprache entsprechenden Inhalt in der Variablen [name] als TestSuite Variable</doc>
<arguments>
<arg>${TEXT_VIBRATION_SOURCE}</arg>
<arg>Vibration Source</arg>
<arg>Vibration Source</arg>
<arg>Vibration Source</arg>
<arg>Vibration Source</arg>
<arg>Vibration Source</arg>
<arg>Vibration Source</arg>
</arguments>
<msg level="INFO" timestamp="20211115 16:24:39.156">${TEXT_VIBRATION_SOURCE} = Vibration Source</msg>
<status endtime="20211115 16:24:39.164" starttime="20211115 16:24:39.156" status="PASS"></status>
</kw>
<kw library="LocalizationLibrary" name="Set Localized Values">
<doc>Legt die sprachabhängigen Inhalte der Variablen, die über den Parameter [name] definiert ist, fest und speichert den der aktuellen Standardsprache entsprechenden Inhalt in der Variablen [name] als TestSuite Variable</doc>
<arguments>
<arg>${TEXT_GENERIC_INPUT}</arg>
<arg>Generic Input</arg>
<arg>Generic Input</arg>
<arg>Generic Input</arg>
<arg>Generic Input</arg>
<arg>Generic Input</arg>
<arg>Generic Input</arg>
</arguments>
<msg level="INFO" timestamp="20211115 16:24:39.170">${TEXT_GENERIC_INPUT} = Generic Input</msg>
<status endtime="20211115 16:24:39.170" starttime="20211115 16:24:39.166" status="PASS"></status>
</kw>
<kw library="LocalizationLibrary" name="Set Localized Values">
<doc>Legt die sprachabhängigen Inhalte der Variablen, die über den Parameter [name] definiert ist, fest und speichert den der aktuellen Standardsprache entsprechenden Inhalt in der Variablen [name] als TestSuite Variable</doc>
<arguments>
<arg>${TEXT_SPEED_SOURCE}</arg>
<arg>Speed Source</arg>
<arg>Speed Source</arg>
<arg>Speed Source</arg>
<arg>Speed Source</arg>
<arg>Speed Source</arg>
<arg>Speed Source</arg>
</arguments>
<msg level="INFO" timestamp="20211115 16:24:39.176">${TEXT_SPEED_SOURCE} = Speed Source</msg>
<status endtime="20211115 16:24:39.176" starttime="20211115 16:24:39.174" status="PASS"></status>
</kw>
<kw library="LocalizationLibrary" name="Set Localized Values">
<doc>Legt die sprachabhängigen Inhalte der Variablen, die über den Parameter [name] definiert ist, fest und speichert den der aktuellen Standardsprache entsprechenden Inhalt in der Variablen [name] als TestSuite Variable</doc>
<arguments>
<arg>${USER_GROUP_ADMINISTRATOR}</arg>
<arg>Administrator</arg>
<arg>Administrator</arg>
<arg>Administrator</arg>
<arg>Administrator</arg>
<arg>Administrator</arg>
<arg>Administrator</arg>
</arguments>
<msg level="INFO" timestamp="20211115 16:24:39.186">${USER_GROUP_ADMINISTRATOR} = Administrator</msg>
<status endtime="20211115 16:24:39.186" starttime="20211115 16:24:39.186" status="PASS"></status>
</kw>
<kw library="LocalizationLibrary" name="Set Localized Values">
<doc>Legt die sprachabhängigen Inhalte der Variablen, die über den Parameter [name] definiert ist, fest und speichert den der aktuellen Standardsprache entsprechenden Inhalt in der Variablen [name] als TestSuite Variable</doc>
<arguments>
<arg>${USER_GROUP_GUEST}</arg>
<arg>Guest</arg>
<arg>Guest</arg>
<arg>Guest</arg>
<arg>Guest</arg>
<arg>Guest</arg>
<arg>Guest</arg>
</arguments>
<msg level="INFO" timestamp="20211115 16:24:39.194">${USER_GROUP_GUEST} = Guest</msg>
<status endtime="20211115 16:24:39.196" starttime="20211115 16:24:39.186" status="PASS"></status>
</kw>
<kw library="LocalizationLibrary" name="Set Localized Values">
<doc>Legt die sprachabhängigen Inhalte der Variablen, die über den Parameter [name] definiert ist, fest und speichert den der aktuellen Standardsprache entsprechenden Inhalt in der Variablen [name] als TestSuite Variable</doc>
<arguments>
<arg>${USER_GROUP_REMOTE}</arg>
<arg>Remote</arg>
<arg>Remote</arg>
<arg>Remote</arg>
<arg>Remote</arg>
<arg>Remote</arg>
<arg>Remote</arg>
</arguments>
<msg level="INFO" timestamp="20211115 16:24:39.204">${USER_GROUP_REMOTE} = Remote</msg>
<status endtime="20211115 16:24:39.204" starttime="20211115 16:24:39.196" status="PASS"></status>
</kw>
<kw library="LocalizationLibrary" name="Set Localized Values">
<doc>Legt die sprachabhängigen Inhalte der Variablen, die über den Parameter [name] definiert ist, fest und speichert den der aktuellen Standardsprache entsprechenden Inhalt in der Variablen [name] als TestSuite Variable</doc>
<arguments>
<arg>${USER_ADMIN}</arg>
<arg>admin</arg>
<arg>admin</arg>
<arg>admin</arg>
<arg>admin</arg>
<arg>admin</arg>
<arg>admin</arg>
</arguments>
<msg level="INFO" timestamp="20211115 16:24:39.206">${USER_ADMIN} = admin</msg>
<status endtime="20211115 16:24:39.206" starttime="20211115 16:24:39.206" status="PASS"></status>
</kw>
<kw library="LocalizationLibrary" name="Set Localized Values">
<doc>Legt die sprachabhängigen Inhalte der Variablen, die über den Parameter [name] definiert ist, fest und speichert den der aktuellen Standardsprache entsprechenden Inhalt in der Variablen [name] als TestSuite Variable</doc>
<arguments>
<arg>${USER_GUEST}</arg>
<arg>guest</arg>
<arg>guest</arg>
<arg>guest</arg>
<arg>guest</arg>
<arg>guest</arg>
<arg>guest</arg>
</arguments>
<msg level="INFO" timestamp="20211115 16:24:39.216">${USER_GUEST} = guest</msg>
<status endtime="20211115 16:24:39.216" starttime="20211115 16:24:39.206" status="PASS"></status>
</kw>
<kw library="LocalizationLibrary" name="Set Localized Values">
<doc>Legt die sprachabhängigen Inhalte der Variablen, die über den Parameter [name] definiert ist, fest und speichert den der aktuellen Standardsprache entsprechenden Inhalt in der Variablen [name] als TestSuite Variable</doc>
<arguments>
<arg>${USER_REMOTE}</arg>
<arg>remote</arg>
<arg>remote</arg>
<arg>remote</arg>
<arg>remote</arg>
<arg>remote</arg>
<arg>remote</arg>
</arguments>
<msg level="INFO" timestamp="20211115 16:24:39.216">${USER_REMOTE} = remote</msg>
<status endtime="20211115 16:24:39.216" starttime="20211115 16:24:39.216" status="PASS"></status>
</kw>
<kw library="LocalizationLibrary" name="Set Localized Values">
<doc>Legt die sprachabhängigen Inhalte der Variablen, die über den Parameter [name] definiert ist, fest und speichert den der aktuellen Standardsprache entsprechenden Inhalt in der Variablen [name] als TestSuite Variable</doc>
<arguments>
<arg>${USER_SYSTEM}</arg>
<arg>system</arg>
<arg>system</arg>
<arg>system</arg>
<arg>system</arg>
<arg>system</arg>
<arg>system</arg>
</arguments>
<msg level="INFO" timestamp="20211115 16:24:39.226">${USER_SYSTEM} = system</msg>
<status endtime="20211115 16:24:39.226" starttime="20211115 16:24:39.224" status="PASS"></status>
</kw>
<kw library="LocalizationLibrary" name="Set Localized Values">
<doc>Legt die sprachabhängigen Inhalte der Variablen, die über den Parameter [name] definiert ist, fest und speichert den der aktuellen Standardsprache entsprechenden Inhalt in der Variablen [name] als TestSuite Variable</doc>
<arguments>
<arg>${COMPARISON_LOGOUT_TEMPLATE}</arg>
<arg>logout_screen_de.png</arg>
<arg>logout_screen.png</arg>
<arg>?-1-?-Logout</arg>
<arg>?-1-?-Logout</arg>
<arg>?-1-?-Logout</arg>
<arg>?-1-?-Logout</arg>
</arguments>
<msg level="INFO" timestamp="20211115 16:24:39.235">${COMPARISON_LOGOUT_TEMPLATE} = logout_screen_de.png</msg>
<status endtime="20211115 16:24:39.237" starttime="20211115 16:24:39.226" status="PASS"></status>
</kw>
<status endtime="20211115 16:24:39.237" starttime="20211115 16:24:39.076" status="PASS"></status>
</kw>
<kw library="smartweb" name="Open Status Page with Locale">
<doc>Opens smartcheck web clients in given browser with locale</doc>
<arguments>
<arg>${BROWSER_NAME}</arg>
<arg>${SMARTCHECK_IP}</arg>
<arg>${SMARTCHECK_LOCALE}</arg>
</arguments>
<kw library="SmartgwtLibrary" name="Open Browser">
<doc>Opens a new browser instance to the given ``url``.</doc>
<arguments>
<arg>about:blank</arg>
<arg>${browser}</arg>
<arg>MainBrowser</arg>
</arguments>
<msg level="INFO" timestamp="20211115 16:24:41.846">browserName: gc</msg>
<msg level="INFO" timestamp="20211115 16:24:41.846">Opening browser 'gc'</msg>
<msg level="INFO" timestamp="20211115 16:24:41.848">Starting ChromeDriver 94.0.4606.41 (333e85df3c9b656b518b5f1add5ff246365b6c24-refs/branch-heads/4606@{#845}) on port 34801
Only local connections are allowed.
Please see https://chromedriver.chromium.org/security-considerations for suggestions on keeping ChromeDriver safe.
ChromeDriver was started successfully.
Nov 15, 2021 4:24:41 PM org.openqa.selenium.remote.ProtocolHandshake createSession
INFO: Detected dialect: W3C</msg>
<status endtime="20211115 16:24:41.850" starttime="20211115 16:24:39.245" status="PASS"></status>
</kw>
<kw library="smartweb" name="Set Window Size If Browser Headless">
<doc>Set browser window size if browser starts headless.</doc>
<kw library="String" name="Convert To Lowercase">
<doc>Converts string to lowercase.</doc>
<arguments>
<arg>${BROWSER_NAME}</arg>
</arguments>
<assign>
<var>${browser}</var>
</assign>
<msg level="INFO" timestamp="20211115 16:24:41.864">${browser} = gc</msg>
<status endtime="20211115 16:24:41.865" starttime="20211115 16:24:41.860" status="PASS"></status>
</kw>
<kw library="BuiltIn" name="Run Keyword And Return Status">
<doc>Runs the given keyword with given arguments and returns the status as a Boolean value.</doc>
<arguments>
<arg>Should End With</arg>
<arg>${browser}</arg>
<arg>headless</arg>
</arguments>
<assign>
<var>${is_headless}</var>
</assign>
<kw library="BuiltIn" name="Should End With">
<doc>Fails if the string ``str1`` does not end with the string ``str2``.</doc>
<arguments>
<arg>${browser}</arg>
<arg>headless</arg>
</arguments>
<msg level="FAIL" timestamp="20211115 16:24:41.878">'gc' does not end with 'headless'</msg>
<status endtime="20211115 16:24:41.879" starttime="20211115 16:24:41.873" status="FAIL"></status>
</kw>
<msg level="INFO" timestamp="20211115 16:24:41.881">${is_headless} = False</msg>
<status endtime="20211115 16:24:41.882" starttime="20211115 16:24:41.867" status="PASS"></status>
</kw>
<kw library="BuiltIn" name="Run Keyword If">
<doc>Runs the given keyword with the given arguments, if ``condition`` is true.</doc>
<arguments>
<arg>${is_headless}</arg>
<arg>Set Window Size</arg>
<arg>1920</arg>
<arg>1080</arg>
<arg>ELSE</arg>
<arg>Maximize Browser Window</arg>
</arguments>
<kw library="SmartgwtLibrary" name="Maximize Browser Window">
<doc>Maximizes current browser window.</doc>
<status endtime="20211115 16:24:42.022" starttime="20211115 16:24:41.889" status="PASS"></status>
</kw>
<status endtime="20211115 16:24:42.024" starttime="20211115 16:24:41.884" status="PASS"></status>
</kw>
<status endtime="20211115 16:24:42.027" starttime="20211115 16:24:41.853" status="PASS"></status>
</kw>
<kw library="smartweb" name="Get Smartcheck Url with Locale">
<doc>Create Url string to open Smartcheck status page with given locale</doc>
<arguments>
<arg>${smartcheck ip}</arg>
<arg>${locale}</arg>
</arguments>
<assign>
<var>${url}</var>
</assign>
<kw library="BuiltIn" name="Set Variable">
<doc>Returns the given values which can then be assigned to a variables.</doc>
<arguments>
<arg>en_GB</arg>
</arguments>
<assign>
<var>${default locale}</var>
</assign>
<msg level="INFO" timestamp="20211115 16:24:42.039">${default locale} = en_GB</msg>
<status endtime="20211115 16:24:42.039" starttime="20211115 16:24:42.039" status="PASS"></status>
</kw>
[...]
</arguments>
<status endtime="20211115 16:25:05.920" starttime="20211115 16:25:05.915" status="PASS"></status>
</kw>
<kw library="smartcheck-webservice" name="Get Smartcheck Webservice Endpoint">
<doc>Returns Smartcheck Webservice Endpoint</doc>
<arguments>
<arg>${smartcheck ip}</arg>
<arg>${port}</arg>
</arguments>
<assign>
<var>${endpoint}</var>
</assign>
<kw library="BuiltIn" name="Set Variable">
<doc>Returns the given values which can then be assigned to a variables.</doc>
<arguments>
<arg>http://${smartcheck ip}:${tcp port}/smartcheck</arg>
</arguments>
<assign>
<var>${endpoint}</var>
</assign>
<msg level="INFO" timestamp="20211115 16:25:06.093">${endpoint} = http://10.179.8.173:80/smartcheck</msg>
<status endtime="20211115 16:25:06.093" starttime="20211115 16:25:06.093" status="PASS"></status>
</kw>
<msg level="INFO" timestamp="20211115 16:25:06.103">${endpoint} = http://10.179.8.173:80/smartcheck</msg>
<status endtime="20211115 16:25:06.103" starttime="20211115 16:25:06.083" status="PASS"></status>
</kw>
<kw library="webservice" name="Send Soap Request">
<doc>Sendet Soap request</doc>
<arguments>
<arg>${endpoint}</arg>
<arg>${request}</arg>
</arguments>
<assign>
<var>${response xml}</var>
</assign>
<kw library="webservice" name="Send Request">
<doc>Sendet Request und liefert response as object</doc>
<arguments>
<arg>${endpoint}</arg>
<arg>${request_xml}</arg>
</arguments>
<assign>
<var>${response}</var>
</assign>
<kw library="BuiltIn" name="Create Dictionary">
<doc>Creates and returns a dictionary based on the given ``items``.</doc>
<arguments>
<arg>Connection=close</arg>
</arguments>
<assign>
<var>${headers}</var>
</assign>
<msg level="INFO" timestamp="20211115 16:25:06.571">${headers} = {u'Connection': u'close'}</msg>
<status endtime="20211115 16:25:06.571" starttime="20211115 16:25:06.563" status="PASS"></status>
</kw>
<kw library="RequestsLibrary" name="Create Session">
<doc>Create Session: create a HTTP session to a server</doc>
<arguments>
<arg>SoapSession</arg>
<arg>${endpoint}</arg>
<arg>timeout=60</arg>
</arguments>
<msg level="INFO" timestamp="20211115 16:25:06.578">Creating Session using : alias=SoapSession, url=http://10.179.8.173:80/smartcheck, headers={},                     cookies=None, auth=None, timeout=60, proxies=None, verify=False,                     debug=0 </msg>
<status endtime="20211115 16:25:06.578" starttime="20211115 16:25:06.578" status="PASS"></status>
</kw>
<kw library="XML" name="Element To String">
<doc>Returns the string representation of the specified element.</doc>
<arguments>
<arg>${request_xml}</arg>
</arguments>
<assign>
<var>${request text}</var>
</assign>
<msg level="INFO" timestamp="20211115 16:25:06.588">${request text} = &lt;Envelope xmlns="http://www.w3.org/2003/05/soap-envelope"&gt;   
	&lt;Header /&gt; 
	&lt;Body&gt;    
		&lt;loadAlarmDataRequest xmlns="http://fis-services.de/2021/05/06/synergia/"&gt;
			&lt;UserId&gt;admin&lt;/UserId&gt;
			&lt;Passwo...</msg>
<status endtime="20211115 16:25:06.588" starttime="20211115 16:25:06.588" status="PASS"></status>
</kw>
<kw library="XML" name="Get Element">
<doc>Returns an element in the ``source`` matching the ``xpath``.</doc>
<arguments>
<arg>${request_xml}</arg>
<arg>xpath=.//Body/*[1]</arg>
</arguments>
<assign>
<var>${request_element}</var>
</assign>
<msg level="INFO" timestamp="20211115 16:25:06.598">${request_element} = &lt;Element 'loadAlarmDataRequest' at 0xf41&gt;</msg>
<status endtime="20211115 16:25:06.598" starttime="20211115 16:25:06.598" status="PASS"></status>
</kw>
<kw library="BuiltIn" name="Set Variable">
<doc>Returns the given values which can then be assigned to a variables.</doc>
<arguments>
<arg>${request_element.tag}</arg>
</arguments>
<assign>
<var>${request_name}</var>
</assign>
<msg level="INFO" timestamp="20211115 16:25:06.608">${request_name} = loadAlarmDataRequest</msg>
<status endtime="20211115 16:25:06.608" starttime="20211115 16:25:06.598" status="PASS"></status>
</kw>
<kw library="BuiltIn" name="Run Keyword And Ignore Error">
<doc>Runs the given keyword with the given arguments and ignores possible error.</doc>
<arguments>
<arg>Post Request</arg>
<arg>SoapSession</arg>
<arg>${EMPTY}</arg>
<arg>${request text}</arg>
<arg>headers=${headers}</arg>
<arg>timeout=60</arg>
</arguments>
<assign>
<var>${result}</var>
<var>${response}</var>
</assign>
<kw library="RequestsLibrary" name="Post Request">
<doc>Send a POST request on the session object found using the</doc>
<arguments>
<arg>SoapSession</arg>
<arg>${EMPTY}</arg>
<arg>${request text}</arg>
<arg>headers=${headers}</arg>
<arg>timeout=60</arg>
</arguments>
<msg level="INFO" timestamp="20211115 16:25:06.648">Post Request using : alias=SoapSession, uri=, data=&lt;empty&gt;, headers={u'Connection': u'close'}, files=None, allow_redirects=True </msg>
<status endtime="20211115 16:25:06.648" starttime="20211115 16:25:06.618" status="PASS"></status>
</kw>
<msg level="INFO" timestamp="20211115 16:25:06.648">${result} = PASS</msg>
<msg level="INFO" timestamp="20211115 16:25:06.648">${response} = &lt;Response [200]&gt;</msg>
<status endtime="20211115 16:25:06.648" starttime="20211115 16:25:06.608" status="PASS"></status>
</kw>
<kw library="BuiltIn" name="Set Variable If">
<doc>Sets variable based on the given condition.</doc>
<arguments>
<arg>'${result}'=='FAIL'</arg>
<arg>${response}</arg>
</arguments>
<assign>
<var>${message}</var>
</assign>
<msg level="INFO" timestamp="20211115 16:25:06.658">${message} = None</msg>
<status endtime="20211115 16:25:06.658" starttime="20211115 16:25:06.658" status="PASS"></status>
</kw>
<kw library="BuiltIn" name="Set Variable If">
<doc>Sets variable based on the given condition.</doc>
<arguments>
<arg>"""${message}"""=="""${TIMEOUT_ERROR_MESSAGE}"""</arg>
<arg>Soap Request Timeout aufgetreten!</arg>
<arg>${message}</arg>
</arguments>
<assign>
<var>${message}</var>
</assign>
<msg level="INFO" timestamp="20211115 16:25:06.658">${message} = None</msg>
<status endtime="20211115 16:25:06.668" starttime="20211115 16:25:06.658" status="PASS"></status>
</kw>
<kw library="BuiltIn" name="Run Keyword If">
<doc>Runs the given keyword with the given arguments, if ``condition`` is true.</doc>
<arguments>
<arg>'${result}'=='FAIL'</arg>
<arg>Fail</arg>
<arg>${message}</arg>
</arguments>
<status endtime="20211115 16:25:06.668" starttime="20211115 16:25:06.668" status="PASS"></status>
</kw>
<kw library="BuiltIn" name="Should Be Equal As Strings">
<doc>Fails if objects are unequal after converting them to strings.</doc>
<arguments>
<arg>${response.headers['content-type']}</arg>
<arg>application/soap+xml; charset=utf-8</arg>
<arg>Fehler bei der Webservice-Abfrage ${request_name}: Antwort ist keine korrekte Webservice-Antwort. Wahrscheinlich ist das SmartCheck nicht im Normalzustand.</arg>
</arguments>
<msg level="INFO" timestamp="20211115 16:25:06.668">Argument types are:
&lt;type 'str'&gt;
&lt;type 'unicode'&gt;</msg>
<status endtime="20211115 16:25:06.678" starttime="20211115 16:25:06.668" status="PASS"></status>
</kw>
<kw type="teardown" library="RequestsLibrary" name="Delete All Sessions">
<doc>Removes all the session objects</doc>
<msg level="INFO" timestamp="20211115 16:25:06.678">Delete All Sessions</msg>
<status endtime="20211115 16:25:06.678" starttime="20211115 16:25:06.678" status="PASS"></status>
</kw>
<msg level="INFO" timestamp="20211115 16:25:06.678">${response} = &lt;Response [200]&gt;</msg>
<timeout value="30 minutes"></timeout>
<status endtime="20211115 16:25:06.678" starttime="20211115 16:25:06.563" status="PASS"></status>
</kw>
<kw library="webservice" name="Check Soap Response">
<arguments>
<arg>${response}</arg>
</arguments>
<assign>
<var>${response_xml}</var>
</assign>
<kw library="XML" name="Parse Xml">
<doc>Parses the given XML file or string into an element structure.</doc>
<arguments>
<arg>${response.text}</arg>
</arguments>
<assign>
<var>${response_xml}</var>
</assign>
<msg level="INFO" timestamp="20211115 16:25:06.708">${response_xml} = &lt;Element 'Envelope' at 0xf88&gt;</msg>
<status endtime="20211115 16:25:06.708" starttime="20211115 16:25:06.688" status="PASS"></status>
</kw>
<kw library="XML" name="Get Element">
<doc>Returns an element in the ``source`` matching the ``xpath``.</doc>
<arguments>
<arg>${response_xml}</arg>
<arg>xpath=.//Body/*[1]</arg>
</arguments>
<assign>
<var>${response_element}</var>
</assign>
<msg level="INFO" timestamp="20211115 16:25:06.708">${response_element} = &lt;Element 'loadAlarmDataResponse' at 0xf90&gt;</msg>
<status endtime="20211115 16:25:06.708" starttime="20211115 16:25:06.708" status="PASS"></status>
</kw>
<kw library="BuiltIn" name="Set Variable">
<doc>Returns the given values which can then be assigned to a variables.</doc>
<arguments>
<arg>${response_element.tag}</arg>
</arguments>
<assign>
<var>${response_name}</var>
</assign>
<msg level="INFO" timestamp="20211115 16:25:06.718">${response_name} = loadAlarmDataResponse</msg>
<status endtime="20211115 16:25:06.718" starttime="20211115 16:25:06.718" status="PASS"></status>
</kw>
<kw library="XML" name="Element To String">
<doc>Returns the string representation of the specified element.</doc>
<arguments>
<arg>${response_xml}</arg>
<arg>xpath=.//Body/*[1]</arg>
</arguments>
<assign>
<var>${message}</var>
</assign>
<msg level="INFO" timestamp="20211115 16:25:06.728">${message} = &lt;loadAlarmDataResponse xmlns="http://fis-services.de/2021/05/06/synergia/"&gt;&lt;TotalNumberOfItems&gt;17&lt;/TotalNumberOfItems&gt;&lt;AlarmData&gt;&lt;CharacteristicValueConfig&gt;EB65827D-4BBE-4B09-A8BB-9627AD9661B0&lt;/Charac...</msg>
<status endtime="20211115 16:25:06.728" starttime="20211115 16:25:06.718" status="PASS"></status>
</kw>
<kw library="XML" name="Element Should Not Exist">
<doc>Verifies that no element match the given ``xpath``.</doc>
<arguments>
<arg>${response_xml}</arg>
<arg>xpath=.//Fault</arg>
<arg>message=Fehler bei der Webservice-Abfrage ${response_name}: Antwort ist "Soap Fault". ${message}</arg>
</arguments>
<msg level="INFO" timestamp="20211115 16:25:06.738">0 elements matched './/Fault'.</msg>
<status endtime="20211115 16:25:06.738" starttime="20211115 16:25:06.738" status="PASS"></status>
</kw>
<msg level="INFO" timestamp="20211115 16:25:06.738">${response_xml} = &lt;Element 'Envelope' at 0xf88&gt;</msg>
<status endtime="20211115 16:25:06.738" starttime="20211115 16:25:06.678" status="PASS"></status>
</kw>
<msg level="INFO" timestamp="20211115 16:25:06.738">${response xml} = &lt;Element 'Envelope' at 0xf88&gt;</msg>
<timeout value="30 minutes"></timeout>
<status endtime="20211115 16:25:06.738" starttime="20211115 16:25:06.405" status="PASS"></status>
</kw>
<msg level="INFO" timestamp="20211115 16:25:06.748">${alarm_data_response} = &lt;Element 'Envelope' at 0xf88&gt;</msg>
<status endtime="20211115 16:25:06.748" starttime="20211115 16:25:05.468" status="PASS"></status>
</kw>
<kw library="XML" name="Get Element">
<doc>Returns an element in the ``source`` matching the ``xpath``.</doc>
<arguments>
<arg>${alarm_data_response}</arg>
<arg>xpath=.//AlarmData[CharacteristicValueConfig="${current_uuid}"]</arg>
</arguments>
<assign>
<var>${cv}</var>
</assign>
<msg level="INFO" timestamp="20211115 16:25:06.758">${cv} = &lt;Element 'AlarmData' at 0xfbc&gt;</msg>
<status endtime="20211115 16:25:06.758" starttime="20211115 16:25:06.748" status="PASS"></status>
</kw>
<msg level="INFO" timestamp="20211115 16:25:06.764">${cv} = &lt;Element 'AlarmData' at 0xfbc&gt;</msg>
<status endtime="20211115 16:25:06.764" starttime="20211115 16:25:02.571" status="PASS"></status>
</kw>
<kw library="XML" name="Get Element Text">
<doc>Returns all text of the element, possibly whitespace normalized.</doc>
<arguments>
<arg>${cv}</arg>
<arg>xpath=CurrentPreAlarmLevel</arg>
</arguments>
<assign>
<var>${cv_value}</var>
</assign>
<msg level="INFO" timestamp="20211115 16:25:06.774">${cv_value} = 1000</msg>
<status endtime="20211115 16:25:06.774" starttime="20211115 16:25:06.774" status="PASS"></status>
</kw>
<kw library="BuiltIn" name="Convert To Number">
<doc>Converts the given item to a floating point number.</doc>
<arguments>
<arg>${cv_value}</arg>
<arg>4</arg>
</arguments>
<assign>
<var>${cv_value}</var>
</assign>
<msg level="INFO" timestamp="20211115 16:25:06.774">${cv_value} = 1000.0</msg>
<status endtime="20211115 16:25:06.774" starttime="20211115 16:25:06.774" status="PASS"></status>
</kw>
<kw library="XML" name="Get Element Text">
<doc>Returns all text of the element, possibly whitespace normalized.</doc>
<arguments>
<arg>${cv}</arg>
<arg>xpath=LastMeasurementTime</arg>
</arguments>
<assign>
<var>${timestamp}</var>
</assign>
<msg level="INFO" timestamp="20211115 16:25:06.784">${timestamp} = 2021-11-15T15:24:30.000000Z</msg>
<status endtime="20211115 16:25:06.784" starttime="20211115 16:25:06.774" status="PASS"></status>
</kw>
<kw library="NumericLibrary" name="Convert Timestamp To Local Datetime">
<doc>Convert timestamp from ISO_8601 string to local time  </doc>
<arguments>
<arg>${timestamp}</arg>
</arguments>
<assign>
<var>${timestamp}</var>
</assign>
<msg level="INFO" timestamp="20211115 16:25:06.784">${timestamp} = 2021-11-15 16:24:30</msg>
<status endtime="20211115 16:25:06.784" starttime="20211115 16:25:06.784" status="PASS"></status>
</kw>
<msg level="INFO" timestamp="20211115 16:25:06.794">${warn_stufe} = 1000.0</msg>
<msg level="INFO" timestamp="20211115 16:25:06.794">${timestamp} = 2021-11-15 16:24:30</msg>
<status endtime="20211115 16:25:06.794" starttime="20211115 16:25:02.571" status="PASS"></status>
</kw>
<kw library="common-keywords" name="Show Non Zero Values">
<doc>listet im Log alle Werte eines Integer-Arrays, die &lt;&gt; 0 sind</doc>
<arguments>
<arg>@{values_list}</arg>
</arguments>
<assign>
<var>@{non_zero}</var>
</assign>
<kw library="NumericLibrary" name="Collect Non Zero Values">
<doc>Collects  all non zero elements on it Indexes of given Array in output List  </doc>
<arguments>
<arg>${values_list}</arg>
</arguments>
<assign>
<var>@{non_zero}</var>
</assign>
<msg level="INFO" timestamp="20211115 16:25:06.807">@{non_zero} = [ ArrayElement(index=1017,value=2812544289) ]</msg>
<status endtime="20211115 16:25:06.807" starttime="20211115 16:25:06.805" status="PASS"></status>
</kw>
<kw library="BuiltIn" name="Get Length">
<doc>Returns and logs the length of the given item as an integer.</doc>
<arguments>
<arg>${values_list}</arg>
</arguments>
<assign>
<var>${max}</var>
</assign>
<msg level="INFO" timestamp="20211115 16:25:06.807">Length is 4096</msg>
<msg level="INFO" timestamp="20211115 16:25:06.807">${max} = 4096</msg>
<status endtime="20211115 16:25:06.807" starttime="20211115 16:25:06.807" status="PASS"></status>
</kw>
<kw library="BuiltIn" name="Evaluate">
<doc>Evaluates the given expression in Python and returns the results.</doc>
<arguments>
<arg>${max} - 1</arg>
</arguments>
<assign>
<var>${max}</var>
</assign>
<msg level="INFO" timestamp="20211115 16:25:06.817">${max} = 4095</msg>
<status endtime="20211115 16:25:06.817" starttime="20211115 16:25:06.807" status="PASS"></status>
</kw>
<kw type="for" name="${element} IN [ @{non_zero} ]">
<kw type="foritem" name="${element} = ArrayElement(index=1017,value=2812544289)">
<kw library="BuiltIn" name="Log">
<doc>Logs the given message with the given level.</doc>
<arguments>
<arg>***** Index (0..${max}) ${element.index} = ${element.value}</arg>
</arguments>
<msg level="INFO" timestamp="20211115 16:25:06.826">***** Index (0..4095) 1017 = 2812544289</msg>
<status endtime="20211115 16:25:06.826" starttime="20211115 16:25:06.817" status="PASS"></status>
</kw>
<status endtime="20211115 16:25:06.826" starttime="20211115 16:25:06.817" status="PASS"></status>
</kw>
<status endtime="20211115 16:25:06.826" starttime="20211115 16:25:06.817" status="PASS"></status>
</kw>
<msg level="INFO" timestamp="20211115 16:25:06.826">@{non_zero} = [ ArrayElement(index=1017,value=2812544289) ]</msg>
<status endtime="20211115 16:25:06.826" starttime="20211115 16:25:06.799" status="PASS"></status>
</kw>
<doc>- Dieser Testfall holt die Werte in Matrix einer vorhandenen Messaufgabe mit einem in dem Variable ${job_name} definierten Namen.
- Dieser Testfall kann ein Teil eines Testfalles ähnlich wie 3672411 in Integrity sein
- Der Name der Messaufgabe auf dem Smartweb muss gleich wie einen in dem Variable ${job_name} Definierten
</doc>
<tags>
<tag>component-test</tag>
<tag>Flender</tag>
<tag>Manual</tag>
<tag>Oilstatus</tag>
<tag>Simulator</tag>
<tag>SmartWeb</tag>
</tags>
<status critical="yes" endtime="20211115 16:25:06.826" starttime="20211115 16:24:51.835" status="PASS"></status>
</test>
<kw type="teardown" name="Suite Teardown">
<kw library="BuiltIn" name="Run Keyword If Any Critical Tests Failed">
<doc>Runs the given keyword with the given arguments, if any critical tests failed.</doc>
<arguments>
<arg>Capture Page Screenshot</arg>
</arguments>
<status endtime="20211115 16:25:06.837" starttime="20211115 16:25:06.837" status="PASS"></status>
</kw>
<kw library="SmartgwtLibrary" name="Close Browser">
<doc>Closes the current browser instance.</doc>
<status endtime="20211115 16:25:07.878" starttime="20211115 16:25:06.837" status="PASS"></status>
</kw>
<status endtime="20211115 16:25:07.878" starttime="20211115 16:25:06.837" status="PASS"></status>
</kw>
<doc>Tests mit Ölstatus.
1. Calibration Des Smartchecks muss zurückgesetzt werden oder gewährleistet werden dass Calibration Steigung und Offset 1.0 und 0 entsprechend sind.
2. Das Firmware Smartcheck soll angepasst werden, damit die Berechnung jede 1 Minute gemacht wird.
+ Kopiere die datei io_process.xml unter dem pfad /smartcheck/config/io_process.xml in den ordner /smartcheck/config/rw/
anschließend füge folgende zeile unter der zeile &lt;check_sampling_rate_time_minutes&gt;.... hinzu
&lt;oil_lifetime_interval_minutes&gt;1&lt;/oil_lifetime_interval_minutes&gt;
Autor: Nguyen</doc>
<status endtime="20211115 16:25:07.878" starttime="20211115 16:24:19.852" status="PASS"></status>
</suite>
<status endtime="20211115 16:25:07.902" starttime="20211115 16:24:19.832" status="PASS"></status>
</suite>
<metadata>
<item name="Test-OS">Windows_NT</item>
<item name="Test-PC">P05072043</item>
<item name="Tester">nguyetgo</item>
</metadata>
<status endtime="20211115 16:25:07.912" starttime="20211115 16:24:18.554" status="PASS"></status>
</suite>
<status endtime="20211115 16:25:07.920" starttime="20211115 16:24:18.524" status="PASS"></status>
</suite>
<status endtime="20211115 16:25:07.930" starttime="20211115 16:24:18.354" status="PASS"></status>
</suite>
<statistics>
<total>
<stat pass="1" fail="0">Critical Tests</stat>
<stat pass="1" fail="0">All Tests</stat>
</total>
<tag>
<stat pass="1" fail="0">component-test</stat>
<stat pass="1" fail="0">Flender</stat>
<stat pass="1" fail="0">Manual</stat>
<stat pass="1" fail="0">Oilstatus</stat>
<stat pass="1" fail="0">Simulator</stat>
<stat pass="1" fail="0">SmartWeb</stat>
</tag>
<suite>
<stat pass="1" fail="0" name="Test-Environment" id="s1">Test-Environment</stat>
<stat pass="1" fail="0" name="Testsuites" id="s1-s1">Test-Environment.Testsuites</stat>
<stat pass="1" fail="0" name="Smartweb" id="s1-s1-s1">Test-Environment.Testsuites.Smartweb</stat>
<stat pass="1" fail="0" name="Component-Tests" id="s1-s1-s1-s1">Test-Environment.Testsuites.Smartweb.Component-Tests</stat>
<stat pass="1" fail="0" name="Oilstatus-Tests" id="s1-s1-s1-s1-s1">Test-Environment.Testsuites.Smartweb.Component-Tests.Oilstatus-Tests</stat>
</suite>
</statistics>
<errors>
</errors>
</robot>
